[2026-07-01T23:54:08.385Z] [Manager] Starting auto-run script: verify-all-accounts.js
[2026-07-01T23:54:08.421Z] [Manager] Auto-run process started with PID: 328303
[2026-07-01T23:54:08.510Z] [AutoRun] 🚀 Starting Global Pool Auto-Verification
[2026-07-01T23:54:08.511Z] [AutoRun] ━━━━━━━━━━━━━━━━━━━━━━━━━━━━━━━━━━━━━━━━━━━━━━
Found 4 Accounts: BT, PH, LN, NHATLINH
[2026-07-01T23:54:08.579Z] [AutoRun] Start Time:     7/2/2026, 6:54:08 AM
[2026-07-01T23:54:08.580Z] [AutoRun] ━━━━━━━━━━━━━━━━━━━━━━━━━━━━━━━━━━━━━━━━━━━━━━
[2026-07-01T23:54:08.581Z] [AutoRun] 📂 Processing: Account [BT]
   📡 Fetching pools...
[2026-07-01T23:54:08.581Z] [AutoRun] [NiceHash] First-time function delay (1s): /main/api/v2/pools
[2026-07-01T23:54:09.595Z] [AutoRun] [NiceHash] First-time function delay (1s): getServerTime
[2026-07-01T23:54:12.442Z] [AutoRun] Fetching active orders...
[2026-07-01T23:54:12.443Z] [AutoRun] [NiceHash] First-time function delay (1s): /main/api/v2/hashpower/myOrders
[2026-07-01T23:54:14.157Z] [AutoRun ERROR] ❌ Critical Account Error: Malformed request
[2026-07-01T23:54:14.158Z] [AutoRun] ━━━━━━━━━━━━━━━━━━━━━━━━━━━━━━━━━━━━━━━━━━
📂 Processing: Account [PH]
   📡 Fetching pools... [NiceHash] First-time function delay (1s): /main/api/v2/pools
[2026-07-01T23:54:14.147Z] [AutoRun] [NiceHash] First-time function delay (1s): getServerTime
[2026-07-01T23:54:16.715Z] [AutoRun] Fetching active orders...
[2026-07-01T23:54:16.716Z] [AutoRun] [NiceHash] First-time function delay (1s): /main/api/v2/hashpower/myOrders
[2026-07-01T23:54:18.435Z] [AutoRun ERROR] ❌ Critical Account Error: Malformed request
[2026-07-01T23:54:18.436Z] [AutoRun] ━━━━━━━━━━━━━━━━━━━━━━━━━━━━━━━━━━━━━━━━━━
📂 Processing: Account [LN]
   📡 Fetching pools... [NiceHash] First-time function delay (1s): /main/api/v2/pools
[2026-07-01T23:54:19.438Z] [AutoRun] [NiceHash] First-time function delay (1s): getServerTime
[2026-07-01T23:54:22.852Z] [AutoRun] Fetching active orders...
[2026-07-01T23:54:22.852Z] [AutoRun] [NiceHash] First-time function delay (1s): /main/api/v2/hashpower/myOrders
[2026-07-01T23:54:24.567Z] [AutoRun ERROR] ❌ Critical Account Error: Malformed request
[2026-07-01T23:54:24.567Z] [AutoRun] ━━━━━━━━━━━━━━━━━━━━━━━━━━━━━━━━━━━━━━━━━━
📂 Processing: Account [NHATLINH]
   📡 Fetching pools... [NiceHash] First-time function delay (1s): /main/api/v2/pools
[2026-07-01T23:54:25.569Z] [AutoRun] [NiceHash] First-time function delay (1s): getServerTime
[2026-07-01T23:54:27.388Z] [AutoRun] Fetching active orders...
[2026-07-01T23:54:27.388Z] [AutoRun] [NiceHash] First-time function delay (1s): /main/api/v2/hashpower/myOrders
[2026-07-01T23:54:29.106Z] [AutoRun ERROR] ❌ Critical Account Error: Malformed request
[2026-07-01T23:54:29.107Z] [AutoRun] ━━━━━━━━━━━━━━━━━━━━━━━━━━━━━━━━━━━━━━━━━━

━━━━━━━━━━━━━━━━━━━━━━━━━━━━━━━━━━━━━━━━━━━━━━
✨ Global Cycle Finished
Total Pools Verified: 0
Cycle Duration:       20s
Total Session Run:    20s
Last Finish Time:     7/2/2026, 6:54:29 AM
━━━━━━━━━━━━━━━━━━━━━━━━━━━━━━━━━━━━━━━━━━━━━━

Restarting in 2s...
[2026-07-01T23:54:31.112Z] [AutoRun] 🚀 Starting Global Pool Auto-Verification
━━━━━━━━━━━━━━━━━━━━━━━━━━━━━━━━━━━━━━━━━━━━━━
[2026-07-01T23:54:31.112Z] [AutoRun] Found 4 Accounts: BT, PH, LN, NHATLINH
Start Time:     7/2/2026, 6:54:31 AM
━━━━━━━━━━━━━━━━━━━━━━━━━━━━━━━━━━━━━━━━━━━━━━

📂 Processing: Account [BT]
   📡 Fetching pools...
[2026-07-01T23:54:32.593Z] [AutoRun] Fetching active orders...
[2026-07-01T23:54:33.307Z] [AutoRun ERROR] ❌ Critical Account Error: Malformed request
[2026-07-01T23:54:33.308Z] [AutoRun] ━━━━━━━━━━━━━━━━━━━━━━━━━━━━━━━━━━━━━━━━━━
📂 Processing: Account [PH]
   📡 Fetching pools...
[2026-07-01T23:54:34.840Z] [AutoRun] Fetching active orders...
[2026-07-01T23:54:35.554Z] [AutoRun ERROR] ❌ Critical Account Error: Malformed request
[2026-07-01T23:54:35.554Z] [AutoRun] ━━━━━━━━━━━━━━━━━━━━━━━━━━━━━━━━━━━━━━━━━━
📂 Processing: Account [LN]
   📡 Fetching pools...
[2026-07-01T23:54:37.832Z] [AutoRun] Fetching active orders...
[2026-07-01T23:54:38.550Z] [AutoRun ERROR] ❌ Critical Account Error: Malformed request
[2026-07-01T23:54:38.550Z] [AutoRun] ━━━━━━━━━━━━━━━━━━━━━━━━━━━━━━━━━━━━━━━━━━
📂 Processing: Account [NHATLINH]
   📡 Fetching pools...
[2026-07-01T23:54:39.350Z] [AutoRun] Fetching active orders...
[2026-07-01T23:54:40.063Z] [AutoRun ERROR] ❌ Critical Account Error: Malformed request
[2026-07-01T23:54:40.063Z] [AutoRun] ━━━━━━━━━━━━━━━━━━━━━━━━━━━━━━━━━━━━━━━━━━

━━━━━━━━━━━━━━━━━━━━━━━━━━━━━━━━━━━━━━━━━━━━━━
✨ Global Cycle Finished
Total Pools Verified: 0
Cycle Duration:       8s
Total Session Run:    31s
Last Finish Time:     7/2/2026, 6:54:40 AM
━━━━━━━━━━━━━━━━━━━━━━━━━━━━━━━━━━━━━━━━━━━━━━

Restarting in 2s...
[2026-07-01T23:54:42.063Z] [AutoRun] 🚀 Starting Global Pool Auto-Verification
[2026-07-01T23:54:42.063Z] [AutoRun] ━━━━━━━━━━━━━━━━━━━━━━━━━━━━━━━━━━━━━━━━━━━━━━
Found 4 Accounts: BT, PH, LN, NHATLINH
Start Time:     7/2/2026, 6:54:42 AM
━━━━━━━━━━━━━━━━━━━━━━━━━━━━━━━━━━━━━━━━━━━━━━

📂 Processing: Account [BT]
   📡 Fetching pools...
[2026-07-01T23:54:43.638Z] [AutoRun] Fetching active orders...
[2026-07-01T23:54:44.354Z] [AutoRun ERROR] ❌ Critical Account Error: Malformed request
[2026-07-01T23:54:44.355Z] [AutoRun] ━━━━━━━━━━━━━━━━━━━━━━━━━━━━━━━━━━━━━━━━━━
📂 Processing: Account [PH]
   📡 Fetching pools...
[2026-07-01T23:54:44.885Z] [AutoRun] Fetching active orders...
[2026-07-01T23:54:45.594Z] [AutoRun ERROR] ❌ Critical Account Error: Malformed request
[2026-07-01T23:54:45.594Z] [AutoRun] ━━━━━━━━━━━━━━━━━━━━━━━━━━━━━━━━━━━━━━━━━━
📂 Processing: Account [LN]
   📡 Fetching pools...
[2026-07-01T23:54:47.979Z] [AutoRun] Fetching active orders...
[2026-07-01T23:54:48.694Z] [AutoRun ERROR] ❌ Critical Account Error: Malformed request
[2026-07-01T23:54:48.695Z] [AutoRun] ━━━━━━━━━━━━━━━━━━━━━━━━━━━━━━━━━━━━━━━━━━
📂 Processing: Account [NHATLINH]
   📡 Fetching pools...
[2026-07-01T23:54:49.434Z] [AutoRun] Fetching active orders...
[2026-07-01T23:54:50.142Z] [AutoRun ERROR] ❌ Critical Account Error: Malformed request
[2026-07-01T23:54:50.143Z] [AutoRun] ━━━━━━━━━━━━━━━━━━━━━━━━━━━━━━━━━━━━━━━━━━

━━━━━━━━━━━━━━━━━━━━━━━━━━━━━━━━━━━━━━━━━━━━━━
✨ Global Cycle Finished
Total Pools Verified: 0
Cycle Duration:       8s
Total Session Run:    41s
Last Finish Time:     7/2/2026, 6:54:50 AM
━━━━━━━━━━━━━━━━━━━━━━━━━━━━━━━━━━━━━━━━━━━━━━

Restarting in 2s...
[2026-07-01T23:54:52.147Z] [AutoRun] 🚀 Starting Global Pool Auto-Verification
[2026-07-01T23:54:52.148Z] [AutoRun] ━━━━━━━━━━━━━━━━━━━━━━━━━━━━━━━━━━━━━━━━━━━━━━
Found 4 Accounts: BT, PH, LN, NHATLINH
Start Time:     7/2/2026, 6:54:52 AM
━━━━━━━━━━━━━━━━━━━━━━━━━━━━━━━━━━━━━━━━━━━━━━

📂 Processing: Account [BT]
   📡 Fetching pools...
[2026-07-01T23:54:53.700Z] [AutoRun] Fetching active orders...
[2026-07-01T23:54:54.415Z] [AutoRun ERROR] ❌ Critical Account Error: Malformed request
[2026-07-01T23:54:54.416Z] [AutoRun] ━━━━━━━━━━━━━━━━━━━━━━━━━━━━━━━━━━━━━━━━━━
📂 Processing: Account [PH]
   📡 Fetching pools...
[2026-07-01T23:54:55.868Z] [AutoRun] Fetching active orders...
[2026-07-01T23:54:56.579Z] [AutoRun ERROR] ❌ Critical Account Error: Malformed request
[2026-07-01T23:54:56.580Z] [AutoRun] ━━━━━━━━━━━━━━━━━━━━━━━━━━━━━━━━━━━━━━━━━━
📂 Processing: Account [LN]
   📡 Fetching pools...
[2026-07-01T23:54:58.862Z] [AutoRun] Fetching active orders...
[2026-07-01T23:54:59.579Z] [AutoRun ERROR] ❌ Critical Account Error: Malformed request
[2026-07-01T23:54:59.580Z] [AutoRun] ━━━━━━━━━━━━━━━━━━━━━━━━━━━━━━━━━━━━━━━━━━
📂 Processing: Account [NHATLINH]
   📡 Fetching pools...
[2026-07-01T23:55:00.363Z] [AutoRun] Fetching active orders...
[2026-07-01T23:55:01.077Z] [AutoRun ERROR] ❌ Critical Account Error: Malformed request
[2026-07-01T23:55:01.077Z] [AutoRun] ━━━━━━━━━━━━━━━━━━━━━━━━━━━━━━━━━━━━━━━━━━

━━━━━━━━━━━━━━━━━━━━━━━━━━━━━━━━━━━━━━━━━━━━━━
✨ Global Cycle Finished
Total Pools Verified: 0
Cycle Duration:       8s
Total Session Run:    52s
Last Finish Time:     7/2/2026, 6:55:01 AM
━━━━━━━━━━━━━━━━━━━━━━━━━━━━━━━━━━━━━━━━━━━━━━

Restarting in 2s...
[2026-07-01T23:55:03.085Z] [AutoRun] 🚀 Starting Global Pool Auto-Verification
━━━━━━━━━━━━━━━━━━━━━━━━━━━━━━━━━━━━━━━━━━━━━━
Found 4 Accounts: BT, PH, LN, NHATLINH
[2026-07-01T23:55:03.085Z] [AutoRun] Start Time:     7/2/2026, 6:55:03 AM
━━━━━━━━━━━━━━━━━━━━━━━━━━━━━━━━━━━━━━━━━━━━━━

📂 Processing: Account [BT]
   📡 Fetching pools...
[2026-07-01T23:55:04.647Z] [AutoRun] Fetching active orders...
[2026-07-01T23:55:05.361Z] [AutoRun ERROR] ❌ Critical Account Error: Malformed request
[2026-07-01T23:55:05.362Z] [AutoRun] ━━━━━━━━━━━━━━━━━━━━━━━━━━━━━━━━━━━━━━━━━━
📂 Processing: Account [PH]
   📡 Fetching pools...
[2026-07-01T23:55:06.811Z] [AutoRun] Fetching active orders...
[2026-07-01T23:55:07.522Z] [AutoRun ERROR] ❌ Critical Account Error: Malformed request
[2026-07-01T23:55:07.523Z] [AutoRun] ━━━━━━━━━━━━━━━━━━━━━━━━━━━━━━━━━━━━━━━━━━
📂 Processing: Account [LN]
   📡 Fetching pools...
[2026-07-01T23:55:09.819Z] [AutoRun] Fetching active orders...
[2026-07-01T23:55:10.540Z] [AutoRun ERROR] ❌ Critical Account Error: Malformed request
[2026-07-01T23:55:10.541Z] [AutoRun] ━━━━━━━━━━━━━━━━━━━━━━━━━━━━━━━━━━━━━━━━━━
📂 Processing: Account [NHATLINH]
   📡 Fetching pools...
[2026-07-01T23:55:11.345Z] [AutoRun] Fetching active orders...
[2026-07-01T23:55:12.056Z] [AutoRun ERROR] ❌ Critical Account Error: Malformed request
[2026-07-01T23:55:12.057Z] [AutoRun] ━━━━━━━━━━━━━━━━━━━━━━━━━━━━━━━━━━━━━━━━━━

━━━━━━━━━━━━━━━━━━━━━━━━━━━━━━━━━━━━━━━━━━━━━━
✨ Global Cycle Finished
Total Pools Verified: 0
Cycle Duration:       8s
Total Session Run:    63s
Last Finish Time:     7/2/2026, 6:55:12 AM
━━━━━━━━━━━━━━━━━━━━━━━━━━━━━━━━━━━━━━━━━━━━━━

Restarting in 2s...
[2026-07-01T23:55:13.923Z] [Manager] Shutting down...
[2026-07-01T23:55:13.923Z] [Manager] Sent SIGTERM to child process 328303.
[2026-07-01T23:55:54.588Z] [Manager] Starting auto-run script: verify-all-accounts.js
[2026-07-01T23:55:54.596Z] [Manager] Auto-run process started with PID: 328968
[2026-07-01T23:55:54.673Z] [AutoRun] 🚀 Starting Global Pool Auto-Verification
[2026-07-01T23:55:54.674Z] [AutoRun] ━━━━━━━━━━━━━━━━━━━━━━━━━━━━━━━━━━━━━━━━━━━━━━
[2026-07-01T23:55:54.674Z] [AutoRun] Found 4 Accounts: BT, PH, LN, NHATLINH
[2026-07-01T23:55:54.697Z] [AutoRun] Start Time:     7/2/2026, 6:55:54 AM
[2026-07-01T23:55:54.697Z] [AutoRun] ━━━━━━━━━━━━━━━━━━━━━━━━━━━━━━━━━━━━━━━━━━━━━━
[2026-07-01T23:55:54.698Z] [AutoRun] 📂 Processing: Account [BT]
[2026-07-01T23:55:54.698Z] [AutoRun] 📡 Fetching pools...
[2026-07-01T23:55:54.699Z] [AutoRun] [NiceHash] First-time function delay (1s): /main/api/v2/pools
[2026-07-01T23:55:55.703Z] [AutoRun] [NiceHash] First-time function delay (1s): getServerTime
[2026-07-01T23:55:58.561Z] [AutoRun] Fetching active orders...
[2026-07-01T23:55:58.561Z] [AutoRun] [NiceHash] First-time function delay (1s): /main/api/v2/hashpower/myOrders
[2026-07-01T23:56:00.298Z] [AutoRun ERROR] ❌ Critical Account Error: Malformed request
[2026-07-01T23:56:00.299Z] [AutoRun] ━━━━━━━━━━━━━━━━━━━━━━━━━━━━━━━━━━━━━━━━━━
[2026-07-01T23:56:00.299Z] [AutoRun] 📂 Processing: Account [PH]
[2026-07-01T23:56:00.299Z] [AutoRun] 📡 Fetching pools... [NiceHash] First-time function delay (1s): /main/api/v2/pools
[2026-07-01T23:56:01.299Z] [AutoRun] [NiceHash] First-time function delay (1s): getServerTime
[2026-07-01T23:56:03.882Z] [AutoRun] Fetching active orders...
[2026-07-01T23:56:03.883Z] [AutoRun] [NiceHash] First-time function delay (1s): /main/api/v2/hashpower/myOrders
[2026-07-01T23:56:05.625Z] [AutoRun ERROR] ❌ Critical Account Error: Malformed request
[2026-07-01T23:56:05.626Z] [AutoRun] ━━━━━━━━━━━━━━━━━━━━━━━━━━━━━━━━━━━━━━━━━━
[2026-07-01T23:56:05.626Z] [AutoRun] 📂 Processing: Account [LN]
[2026-07-01T23:56:05.626Z] [AutoRun] 📡 Fetching pools... [NiceHash] First-time function delay (1s): /main/api/v2/pools
[2026-07-01T23:56:06.634Z] [AutoRun] [NiceHash] First-time function delay (1s): getServerTime
[2026-07-01T23:56:10.071Z] [AutoRun] Fetching active orders...
[2026-07-01T23:56:10.071Z] [AutoRun] [NiceHash] First-time function delay (1s): /main/api/v2/hashpower/myOrders
[2026-07-01T23:56:11.786Z] [AutoRun ERROR] ❌ Critical Account Error: Malformed request
[2026-07-01T23:56:11.787Z] [AutoRun] ━━━━━━━━━━━━━━━━━━━━━━━━━━━━━━━━━━━━━━━━━━
[2026-07-01T23:56:11.787Z] [AutoRun] 📂 Processing: Account [NHATLINH]
[2026-07-01T23:56:11.787Z] [AutoRun] 📡 Fetching pools... [NiceHash] First-time function delay (1s): /main/api/v2/pools
[2026-07-01T23:56:12.789Z] [AutoRun] [NiceHash] First-time function delay (1s): getServerTime
[2026-07-01T23:56:14.530Z] [AutoRun] Fetching active orders...
[2026-07-01T23:56:14.530Z] [AutoRun] [NiceHash] First-time function delay (1s): /main/api/v2/hashpower/myOrders
[2026-07-01T23:56:16.247Z] [AutoRun ERROR] ❌ Critical Account Error: Malformed request
[2026-07-01T23:56:16.247Z] [AutoRun] ━━━━━━━━━━━━━━━━━━━━━━━━━━━━━━━━━━━━━━━━━━
[2026-07-01T23:56:16.248Z] [AutoRun] ━━━━━━━━━━━━━━━━━━━━━━━━━━━━━━━━━━━━━━━━━━━━━━
[2026-07-01T23:56:16.248Z] [AutoRun] ✨ Global Cycle Finished
[2026-07-01T23:56:16.248Z] [AutoRun] Total Pools Verified: 0
[2026-07-01T23:56:16.248Z] [AutoRun] Cycle Duration:       21s
[2026-07-01T23:56:16.249Z] [AutoRun] Total Session Run:    21s
[2026-07-01T23:56:16.249Z] [AutoRun] Last Finish Time:     7/2/2026, 6:56:16 AM
[2026-07-01T23:56:16.249Z] [AutoRun] ━━━━━━━━━━━━━━━━━━━━━━━━━━━━━━━━━━━━━━━━━━━━━━
[2026-07-01T23:56:16.249Z] [AutoRun] Restarting in 2s...
[2026-07-01T23:56:18.249Z] [AutoRun] 🚀 Starting Global Pool Auto-Verification
[2026-07-01T23:56:18.249Z] [AutoRun] ━━━━━━━━━━━━━━━━━━━━━━━━━━━━━━━━━━━━━━━━━━━━━━
[2026-07-01T23:56:18.250Z] [AutoRun] Found 4 Accounts: BT, PH, LN, NHATLINH
[2026-07-01T23:56:18.251Z] [AutoRun] Start Time:     7/2/2026, 6:56:18 AM
[2026-07-01T23:56:18.251Z] [AutoRun] ━━━━━━━━━━━━━━━━━━━━━━━━━━━━━━━━━━━━━━━━━━━━━━
[2026-07-01T23:56:18.251Z] [AutoRun] 📂 Processing: Account [BT]
[2026-07-01T23:56:18.251Z] [AutoRun] 📡 Fetching pools...
[2026-07-01T23:56:18.755Z] [AutoRun] Fetching active orders...
[2026-07-01T23:56:19.470Z] [AutoRun ERROR] ❌ Critical Account Error: Malformed request
[2026-07-01T23:56:19.470Z] [AutoRun] ━━━━━━━━━━━━━━━━━━━━━━━━━━━━━━━━━━━━━━━━━━
[2026-07-01T23:56:19.471Z] [AutoRun] 📂 Processing: Account [PH]
[2026-07-01T23:56:19.471Z] [AutoRun] 📡 Fetching pools...
[2026-07-01T23:56:20.971Z] [AutoRun] Fetching active orders...
[2026-07-01T23:56:21.689Z] [AutoRun ERROR] ❌ Critical Account Error: Malformed request
[2026-07-01T23:56:21.689Z] [AutoRun] ━━━━━━━━━━━━━━━━━━━━━━━━━━━━━━━━━━━━━━━━━━
[2026-07-01T23:56:21.689Z] [AutoRun] 📂 Processing: Account [LN]
[2026-07-01T23:56:21.690Z] [AutoRun] 📡 Fetching pools...
[2026-07-01T23:56:23.894Z] [AutoRun] Fetching active orders...
[2026-07-01T23:56:24.611Z] [AutoRun ERROR] ❌ Critical Account Error: Malformed request
[2026-07-01T23:56:24.612Z] [AutoRun] ━━━━━━━━━━━━━━━━━━━━━━━━━━━━━━━━━━━━━━━━━━
[2026-07-01T23:56:24.612Z] [AutoRun] 📂 Processing: Account [NHATLINH]
[2026-07-01T23:56:24.612Z] [AutoRun] 📡 Fetching pools...
[2026-07-01T23:56:25.430Z] [AutoRun] Fetching active orders...
[2026-07-01T23:56:26.147Z] [AutoRun ERROR] ❌ Critical Account Error: Malformed request
[2026-07-01T23:56:26.147Z] [AutoRun] ━━━━━━━━━━━━━━━━━━━━━━━━━━━━━━━━━━━━━━━━━━
[2026-07-01T23:56:26.148Z] [AutoRun] ━━━━━━━━━━━━━━━━━━━━━━━━━━━━━━━━━━━━━━━━━━━━━━
[2026-07-01T23:56:26.148Z] [AutoRun] ✨ Global Cycle Finished
[2026-07-01T23:56:26.148Z] [AutoRun] Total Pools Verified: 0
[2026-07-01T23:56:26.148Z] [AutoRun] Cycle Duration:       7s
[2026-07-01T23:56:26.148Z] [AutoRun] Total Session Run:    31s
[2026-07-01T23:56:26.148Z] [AutoRun] Last Finish Time:     7/2/2026, 6:56:26 AM
[2026-07-01T23:56:26.149Z] [AutoRun] ━━━━━━━━━━━━━━━━━━━━━━━━━━━━━━━━━━━━━━━━━━━━━━
[2026-07-01T23:56:26.149Z] [AutoRun] Restarting in 2s...
[2026-07-01T23:56:28.152Z] [AutoRun] 🚀 Starting Global Pool Auto-Verification
[2026-07-01T23:56:28.152Z] [AutoRun] ━━━━━━━━━━━━━━━━━━━━━━━━━━━━━━━━━━━━━━━━━━━━━━
[2026-07-01T23:56:28.152Z] [AutoRun] Found 4 Accounts: BT, PH, LN, NHATLINH
[2026-07-01T23:56:28.152Z] [AutoRun] Start Time:     7/2/2026, 6:56:28 AM
[2026-07-01T23:56:28.153Z] [AutoRun] ━━━━━━━━━━━━━━━━━━━━━━━━━━━━━━━━━━━━━━━━━━━━━━
[2026-07-01T23:56:28.153Z] [AutoRun] 📂 Processing: Account [BT]
[2026-07-01T23:56:28.153Z] [AutoRun] 📡 Fetching pools...
[2026-07-01T23:56:29.650Z] [AutoRun] Fetching active orders...
[2026-07-01T23:56:30.372Z] [AutoRun ERROR] ❌ Critical Account Error: Malformed request
[2026-07-01T23:56:30.372Z] [AutoRun] ━━━━━━━━━━━━━━━━━━━━━━━━━━━━━━━━━━━━━━━━━━
[2026-07-01T23:56:30.372Z] [AutoRun] 📂 Processing: Account [PH]
[2026-07-01T23:56:30.372Z] [AutoRun] 📡 Fetching pools...
[2026-07-01T23:56:31.878Z] [AutoRun] Fetching active orders...
[2026-07-01T23:56:32.595Z] [AutoRun ERROR] ❌ Critical Account Error: Malformed request
[2026-07-01T23:56:32.595Z] [AutoRun] ━━━━━━━━━━━━━━━━━━━━━━━━━━━━━━━━━━━━━━━━━━
[2026-07-01T23:56:32.596Z] [AutoRun] 📂 Processing: Account [LN]
[2026-07-01T23:56:32.596Z] [AutoRun] 📡 Fetching pools...
[2026-07-01T23:56:34.987Z] [AutoRun] Fetching active orders...
[2026-07-01T23:56:35.701Z] [AutoRun ERROR] ❌ Critical Account Error: Malformed request
[2026-07-01T23:56:35.701Z] [AutoRun] ━━━━━━━━━━━━━━━━━━━━━━━━━━━━━━━━━━━━━━━━━━
[2026-07-01T23:56:35.702Z] [AutoRun] 📂 Processing: Account [NHATLINH]
[2026-07-01T23:56:35.702Z] [AutoRun] 📡 Fetching pools...
[2026-07-01T23:56:36.448Z] [AutoRun] Fetching active orders...
[2026-07-01T23:56:37.160Z] [AutoRun ERROR] ❌ Critical Account Error: Malformed request
[2026-07-01T23:56:37.160Z] [AutoRun] ━━━━━━━━━━━━━━━━━━━━━━━━━━━━━━━━━━━━━━━━━━
[2026-07-01T23:56:37.161Z] [AutoRun] ━━━━━━━━━━━━━━━━━━━━━━━━━━━━━━━━━━━━━━━━━━━━━━
[2026-07-01T23:56:37.161Z] [AutoRun] ✨ Global Cycle Finished
[2026-07-01T23:56:37.161Z] [AutoRun] Total Pools Verified: 0
[2026-07-01T23:56:37.161Z] [AutoRun] Cycle Duration:       9s
[2026-07-01T23:56:37.161Z] [AutoRun] Total Session Run:    42s
[2026-07-01T23:56:37.161Z] [AutoRun] Last Finish Time:     7/2/2026, 6:56:37 AM
[2026-07-01T23:56:37.162Z] [AutoRun] ━━━━━━━━━━━━━━━━━━━━━━━━━━━━━━━━━━━━━━━━━━━━━━
[2026-07-01T23:56:37.162Z] [AutoRun] Restarting in 2s...
[2026-07-01T23:56:39.169Z] [AutoRun] 🚀 Starting Global Pool Auto-Verification
[2026-07-01T23:56:39.170Z] [AutoRun] ━━━━━━━━━━━━━━━━━━━━━━━━━━━━━━━━━━━━━━━━━━━━━━
[2026-07-01T23:56:39.170Z] [AutoRun] Found 4 Accounts: BT, PH, LN, NHATLINH
[2026-07-01T23:56:39.170Z] [AutoRun] Start Time:     7/2/2026, 6:56:39 AM
[2026-07-01T23:56:39.170Z] [AutoRun] ━━━━━━━━━━━━━━━━━━━━━━━━━━━━━━━━━━━━━━━━━━━━━━
[2026-07-01T23:56:39.171Z] [AutoRun] 📂 Processing: Account [BT]
[2026-07-01T23:56:39.171Z] [AutoRun] 📡 Fetching pools...
[2026-07-01T23:56:40.755Z] [AutoRun] Fetching active orders...
[2026-07-01T23:56:41.465Z] [AutoRun ERROR] ❌ Critical Account Error: Malformed request
[2026-07-01T23:56:41.466Z] [AutoRun] ━━━━━━━━━━━━━━━━━━━━━━━━━━━━━━━━━━━━━━━━━━
[2026-07-01T23:56:41.466Z] [AutoRun] 📂 Processing: Account [PH]
[2026-07-01T23:56:41.466Z] [AutoRun] 📡 Fetching pools...
[2026-07-01T23:56:42.929Z] [AutoRun] Fetching active orders...
[2026-07-01T23:56:43.644Z] [AutoRun ERROR] ❌ Critical Account Error: Malformed request
[2026-07-01T23:56:43.645Z] [AutoRun] ━━━━━━━━━━━━━━━━━━━━━━━━━━━━━━━━━━━━━━━━━━
[2026-07-01T23:56:43.645Z] [AutoRun] 📂 Processing: Account [LN]
[2026-07-01T23:56:43.645Z] [AutoRun] 📡 Fetching pools...
[2026-07-01T23:56:45.941Z] [AutoRun] Fetching active orders...
[2026-07-01T23:56:46.662Z] [AutoRun ERROR] ❌ Critical Account Error: Malformed request
[2026-07-01T23:56:46.663Z] [AutoRun] ━━━━━━━━━━━━━━━━━━━━━━━━━━━━━━━━━━━━━━━━━━
[2026-07-01T23:56:46.664Z] [AutoRun] 📂 Processing: Account [NHATLINH]
[2026-07-01T23:56:46.664Z] [AutoRun] 📡 Fetching pools...
[2026-07-01T23:56:47.465Z] [AutoRun] Fetching active orders...
[2026-07-01T23:56:48.184Z] [AutoRun ERROR] ❌ Critical Account Error: Malformed request
[2026-07-01T23:56:48.184Z] [AutoRun] ━━━━━━━━━━━━━━━━━━━━━━━━━━━━━━━━━━━━━━━━━━
[2026-07-01T23:56:48.184Z] [AutoRun] ━━━━━━━━━━━━━━━━━━━━━━━━━━━━━━━━━━━━━━━━━━━━━━
[2026-07-01T23:56:48.185Z] [AutoRun] ✨ Global Cycle Finished
[2026-07-01T23:56:48.185Z] [AutoRun] Total Pools Verified: 0
[2026-07-01T23:56:48.185Z] [AutoRun] Cycle Duration:       9s
[2026-07-01T23:56:48.185Z] [AutoRun] Total Session Run:    53s
[2026-07-01T23:56:48.185Z] [AutoRun] Last Finish Time:     7/2/2026, 6:56:48 AM
[2026-07-01T23:56:48.186Z] [AutoRun] ━━━━━━━━━━━━━━━━━━━━━━━━━━━━━━━━━━━━━━━━━━━━━━
[2026-07-01T23:56:48.186Z] [AutoRun] Restarting in 2s...
[2026-07-01T23:56:50.191Z] [AutoRun] 🚀 Starting Global Pool Auto-Verification
[2026-07-01T23:56:50.191Z] [AutoRun] ━━━━━━━━━━━━━━━━━━━━━━━━━━━━━━━━━━━━━━━━━━━━━━
[2026-07-01T23:56:50.191Z] [AutoRun] Found 4 Accounts: BT, PH, LN, NHATLINH
[2026-07-01T23:56:50.191Z] [AutoRun] Start Time:     7/2/2026, 6:56:50 AM
[2026-07-01T23:56:50.192Z] [AutoRun] ━━━━━━━━━━━━━━━━━━━━━━━━━━━━━━━━━━━━━━━━━━━━━━
[2026-07-01T23:56:50.192Z] [AutoRun] 📂 Processing: Account [BT]
[2026-07-01T23:56:50.192Z] [AutoRun] 📡 Fetching pools...
[2026-07-01T23:56:50.671Z] [AutoRun] Fetching active orders...
[2026-07-01T23:56:51.385Z] [AutoRun ERROR] ❌ Critical Account Error: Malformed request
[2026-07-01T23:56:51.386Z] [AutoRun] ━━━━━━━━━━━━━━━━━━━━━━━━━━━━━━━━━━━━━━━━━━
[2026-07-01T23:56:51.386Z] [AutoRun] 📂 Processing: Account [PH]
[2026-07-01T23:56:51.387Z] [AutoRun] 📡 Fetching pools...
[2026-07-01T23:56:52.890Z] [AutoRun] Fetching active orders...
[2026-07-01T23:56:53.602Z] [AutoRun ERROR] ❌ Critical Account Error: Malformed request
[2026-07-01T23:56:53.603Z] [AutoRun] ━━━━━━━━━━━━━━━━━━━━━━━━━━━━━━━━━━━━━━━━━━
[2026-07-01T23:56:53.603Z] [AutoRun] 📂 Processing: Account [LN]
[2026-07-01T23:56:53.603Z] [AutoRun] 📡 Fetching pools...
[2026-07-01T23:56:55.911Z] [AutoRun] Fetching active orders...
[2026-07-01T23:56:56.633Z] [AutoRun ERROR] ❌ Critical Account Error: Malformed request
[2026-07-01T23:56:56.633Z] [AutoRun] ━━━━━━━━━━━━━━━━━━━━━━━━━━━━━━━━━━━━━━━━━━
[2026-07-01T23:56:56.633Z] [AutoRun] 📂 Processing: Account [NHATLINH]
[2026-07-01T23:56:56.634Z] [AutoRun] 📡 Fetching pools...
[2026-07-01T23:56:56.725Z] [Manager] Shutting down...
[2026-07-01T23:56:56.726Z] [Manager] Sent SIGTERM to child process 328968.
[2026-07-01T23:58:19.881Z] [Manager] Starting auto-run script: verify-all-accounts.js
[2026-07-01T23:58:19.890Z] [Manager] Auto-run process started with PID: 329727
[2026-07-01T23:58:19.967Z] [AutoRun] 🚀 Starting Global Pool Auto-Verification
[2026-07-01T23:58:19.968Z] [AutoRun] ━━━━━━━━━━━━━━━━━━━━━━━━━━━━━━━━━━━━━━━━━━━━━━
[2026-07-01T23:58:19.969Z] [AutoRun] Found 4 Accounts: BT, PH, LN, NHATLINH
[2026-07-01T23:58:19.992Z] [AutoRun] Start Time:     7/2/2026, 6:58:19 AM
[2026-07-01T23:58:19.993Z] [AutoRun] ━━━━━━━━━━━━━━━━━━━━━━━━━━━━━━━━━━━━━━━━━━━━━━
[2026-07-01T23:58:19.993Z] [AutoRun] 📂 Processing: Account [BT]
[2026-07-01T23:58:19.994Z] [AutoRun] 📡 Fetching pools...
[2026-07-01T23:58:19.994Z] [AutoRun] [NiceHash] First-time function delay (1s): /main/api/v2/pools
[2026-07-01T23:58:20.997Z] [AutoRun] [NiceHash] First-time function delay (1s): getServerTime
[2026-07-01T23:58:24.004Z] [AutoRun] Fetching active orders...
[2026-07-01T23:58:24.005Z] [AutoRun] [NiceHash] First-time function delay (1s): /main/api/v2/hashpower/myOrders
[2026-07-01T23:58:24.696Z] [AutoRun ERROR] ❌ Critical Account Error: Malformed request
[2026-07-01T23:58:24.697Z] [AutoRun] ━━━━━━━━━━━━━━━━━━━━━━━━━━━━━━━━━━━━━━━━━━
[2026-07-01T23:58:24.697Z] [AutoRun] 📂 Processing: Account [PH]
[2026-07-01T23:58:24.697Z] [AutoRun] 📡 Fetching pools... [NiceHash] First-time function delay (1s): /main/api/v2/pools
[2026-07-01T23:58:25.702Z] [AutoRun] [NiceHash] First-time function delay (1s): getServerTime
[2026-07-01T23:58:28.300Z] [AutoRun] Fetching active orders...
[2026-07-01T23:58:28.300Z] [AutoRun] [NiceHash] First-time function delay (1s): /main/api/v2/hashpower/myOrders
[2026-07-01T23:58:30.023Z] [AutoRun ERROR] ❌ Critical Account Error: Malformed request
[2026-07-01T23:58:30.023Z] [AutoRun] ━━━━━━━━━━━━━━━━━━━━━━━━━━━━━━━━━━━━━━━━━━
[2026-07-01T23:58:30.023Z] [AutoRun] 📂 Processing: Account [LN]
[2026-07-01T23:58:30.024Z] [AutoRun] 📡 Fetching pools... [NiceHash] First-time function delay (1s): /main/api/v2/pools
[2026-07-01T23:58:31.052Z] [AutoRun] [NiceHash] First-time function delay (1s): getServerTime
[2026-07-01T23:58:34.396Z] [AutoRun] Fetching active orders...
[2026-07-01T23:58:34.397Z] [AutoRun] [NiceHash] First-time function delay (1s): /main/api/v2/hashpower/myOrders
[2026-07-01T23:58:36.121Z] [AutoRun ERROR] ❌ Critical Account Error: Malformed request
[2026-07-01T23:58:36.122Z] [AutoRun] ━━━━━━━━━━━━━━━━━━━━━━━━━━━━━━━━━━━━━━━━━━
[2026-07-01T23:58:36.122Z] [AutoRun] 📂 Processing: Account [NHATLINH]
[2026-07-01T23:58:36.122Z] [AutoRun] 📡 Fetching pools... [NiceHash] First-time function delay (1s): /main/api/v2/pools
[2026-07-01T23:58:37.127Z] [AutoRun] [NiceHash] First-time function delay (1s): getServerTime
[2026-07-01T23:58:38.951Z] [AutoRun] Fetching active orders...
[2026-07-01T23:58:38.952Z] [AutoRun] [NiceHash] First-time function delay (1s): /main/api/v2/hashpower/myOrders
[2026-07-01T23:58:39.354Z] [Manager] Shutting down...
[2026-07-01T23:58:39.354Z] [Manager] Sent SIGTERM to child process 329727.
[2026-07-01T23:59:06.563Z] [Manager] Starting auto-run script: verify-all-accounts.js
[2026-07-01T23:59:06.572Z] [Manager] Auto-run process started with PID: 330078
[2026-07-01T23:59:06.651Z] [AutoRun] 🚀 Starting Global Pool Auto-Verification
[2026-07-01T23:59:06.652Z] [AutoRun] ━━━━━━━━━━━━━━━━━━━━━━━━━━━━━━━━━━━━━━━━━━━━━━
[2026-07-01T23:59:06.652Z] [AutoRun] Found 4 Accounts: BT, PH, LN, NHATLINH
[2026-07-01T23:59:06.677Z] [AutoRun] Start Time:     7/2/2026, 6:59:06 AM
[2026-07-01T23:59:06.677Z] [AutoRun] ━━━━━━━━━━━━━━━━━━━━━━━━━━━━━━━━━━━━━━━━━━━━━━
[2026-07-01T23:59:06.678Z] [AutoRun] 📂 Processing: Account [BT]
[2026-07-01T23:59:06.678Z] [AutoRun] 📡 Fetching pools...
[2026-07-01T23:59:06.679Z] [AutoRun] [NiceHash] First-time function delay (1s): /main/api/v2/pools
[2026-07-01T23:59:07.683Z] [AutoRun] [NiceHash] First-time function delay (1s): getServerTime
[2026-07-01T23:59:10.582Z] [AutoRun] Fetching active orders...
[2026-07-01T23:59:10.582Z] [AutoRun] [NiceHash] First-time function delay (1s): /main/api/v2/hashpower/myOrders
[2026-07-01T23:59:12.323Z] [AutoRun ERROR] ❌ Critical Account Error: Invalid input: Unknown algorithm:
[2026-07-01T23:59:12.323Z] [AutoRun] ━━━━━━━━━━━━━━━━━━━━━━━━━━━━━━━━━━━━━━━━━━
[2026-07-01T23:59:12.324Z] [AutoRun] 📂 Processing: Account [PH]
[2026-07-01T23:59:12.324Z] [AutoRun] 📡 Fetching pools... [NiceHash] First-time function delay (1s): /main/api/v2/pools
[2026-07-01T23:59:13.326Z] [AutoRun] [NiceHash] First-time function delay (1s): getServerTime
[2026-07-01T23:59:15.799Z] [AutoRun] Fetching active orders...
[2026-07-01T23:59:15.800Z] [AutoRun] [NiceHash] First-time function delay (1s): /main/api/v2/hashpower/myOrders
[2026-07-01T23:59:17.543Z] [AutoRun ERROR] ❌ Critical Account Error: Invalid input: Unknown algorithm:
[2026-07-01T23:59:17.544Z] [AutoRun] ━━━━━━━━━━━━━━━━━━━━━━━━━━━━━━━━━━━━━━━━━━
[2026-07-01T23:59:17.544Z] [AutoRun] 📂 Processing: Account [LN]
[2026-07-01T23:59:17.544Z] [AutoRun] 📡 Fetching pools... [NiceHash] First-time function delay (1s): /main/api/v2/pools
[2026-07-01T23:59:18.568Z] [AutoRun] [NiceHash] First-time function delay (1s): getServerTime
[2026-07-01T23:59:19.493Z] [Manager] Shutting down...
[2026-07-01T23:59:19.493Z] [Manager] Sent SIGTERM to child process 330078.
[2026-07-02T00:00:08.199Z] [Manager] Starting auto-run script: verify-all-accounts.js
[2026-07-02T00:00:08.209Z] [Manager] Auto-run process started with PID: 330437
[2026-07-02T00:00:08.285Z] [AutoRun] 🚀 Starting Global Pool Auto-Verification
[2026-07-02T00:00:08.285Z] [AutoRun] ━━━━━━━━━━━━━━━━━━━━━━━━━━━━━━━━━━━━━━━━━━━━━━
[2026-07-02T00:00:08.286Z] [AutoRun] Found 4 Accounts: BT, PH, LN, NHATLINH
[2026-07-02T00:00:08.312Z] [AutoRun] Start Time:     7/2/2026, 7:00:08 AM
[2026-07-02T00:00:08.313Z] [AutoRun] ━━━━━━━━━━━━━━━━━━━━━━━━━━━━━━━━━━━━━━━━━━━━━━
[2026-07-02T00:00:08.314Z] [AutoRun] 📂 Processing: Account [BT]
[2026-07-02T00:00:08.314Z] [AutoRun] 📡 Fetching pools...
[2026-07-02T00:00:08.314Z] [AutoRun] [NiceHash] First-time function delay (1s): /main/api/v2/pools
[2026-07-02T00:00:09.318Z] [AutoRun] [NiceHash] First-time function delay (1s): getServerTime
[2026-07-02T00:00:12.168Z] [AutoRun] Fetching active orders...
[2026-07-02T00:00:12.169Z] [AutoRun] [NiceHash] First-time function delay (1s): /main/api/v2/hashpower/myOrders
[2026-07-02T00:00:13.949Z] [AutoRun] Done (148 pools, 0 active orders)
[2026-07-02T00:00:13.949Z] [AutoRun] [1/148] SOLO 10 SCRYPT
[2026-07-02T00:00:13.949Z] [AutoRun] [NiceHash] First-time function delay (1s): /main/api/v2/pools/verify
[2026-07-02T00:00:18.425Z] [AutoRun] ✅ VALID
[2026-07-02T00:00:20.947Z] [AutoRun] [2/148] BEST SOLO 16
[2026-07-02T00:00:22.930Z] [AutoRun] ✅ VALID
[2026-07-02T00:00:25.453Z] [AutoRun] [3/148] BA TRI 19
[2026-07-02T00:00:27.029Z] [AutoRun] ✅ VALID
[2026-07-02T00:00:28.522Z] [AutoRun] [4/148] BEST SOLO 10
[2026-07-02T00:00:32.419Z] [AutoRun] ✅ VALID
[2026-07-02T00:00:34.927Z] [AutoRun] [5/148] BA TRI 15
[2026-07-02T00:00:37.148Z] [AutoRun] ✅ VALID
[2026-07-02T00:00:39.657Z] [AutoRun] [6/148] BEST SOLO 01
[2026-07-02T00:00:42.129Z] [AutoRun] ✅ VALID
[2026-07-02T00:00:44.637Z] [AutoRun] [7/148] BEST SOLO 05
[2026-07-02T00:00:46.346Z] [AutoRun] ✅ VALID
[2026-07-02T00:00:48.874Z] [AutoRun] [8/148] SOLO 02 RANDOMX
[2026-07-02T00:00:50.584Z] [AutoRun] ✅ VALID
[2026-07-02T00:00:53.094Z] [AutoRun] [9/148] best02
[2026-07-02T00:00:54.969Z] [AutoRun] ✅ VALID
[2026-07-02T00:00:57.469Z] [AutoRun] [10/148] BEST SOLO 01
[2026-07-02T00:00:59.709Z] [AutoRun] ✅ VALID
[2026-07-02T00:01:02.211Z] [AutoRun] [11/148] BA TRI 35
[2026-07-02T00:01:04.515Z] [AutoRun] ✅ VALID
[2026-07-02T00:01:07.016Z] [AutoRun] [12/148] BA TRI 02
[2026-07-02T00:01:08.826Z] [AutoRun] ❌ FAILED (Invalid)
[2026-07-02T00:01:11.336Z] [AutoRun] [13/148] BEST SOLO 03
[2026-07-02T00:01:13.167Z] [AutoRun] ✅ VALID
[2026-07-02T00:01:15.684Z] [AutoRun] [14/148] BEST SOLO 05
[2026-07-02T00:01:19.978Z] [AutoRun] ✅ VALID
[2026-07-02T00:01:22.497Z] [AutoRun] [15/148] BA TRI 01
[2026-07-02T00:01:25.477Z] [AutoRun] ✅ VALID
[2026-07-02T00:01:27.995Z] [AutoRun] [16/148] BEST SOLO 04
[2026-07-02T00:01:30.798Z] [AutoRun] ✅ VALID
[2026-07-02T00:01:32.239Z] [AutoRun] [17/148] BEST SOLO 09
[2026-07-02T00:01:34.700Z] [AutoRun] ❌ FAILED (Invalid)
[2026-07-02T00:01:37.201Z] [AutoRun] [18/148] BA TRI 09
[2026-07-02T00:01:39.523Z] [AutoRun] ✅ VALID
[2026-07-02T00:01:42.028Z] [AutoRun] [19/148] BA TRI 01
[2026-07-02T00:01:44.786Z] [AutoRun] ✅ VALID
[2026-07-02T00:01:47.299Z] [AutoRun] [20/148] BA TRI 05
[2026-07-02T00:01:50.573Z] [AutoRun] ✅ VALID
[2026-07-02T00:01:53.075Z] [AutoRun] [21/148] BEST SOLO 03
[2026-07-02T00:01:55.656Z] [AutoRun] ✅ VALID
[2026-07-02T00:01:58.173Z] [AutoRun] [22/148] BA TRI 23
[2026-07-02T00:01:59.960Z] [AutoRun] ❌ FAILED (Invalid)
[2026-07-02T00:02:02.463Z] [AutoRun] [23/148] BA TRI 40
[2026-07-02T00:02:03.709Z] [AutoRun] ❌ FAILED (Invalid)
[2026-07-02T00:02:06.222Z] [AutoRun] [24/148] BA TRI 36
[2026-07-02T00:02:08.444Z] [AutoRun] ✅ VALID
[2026-07-02T00:02:10.947Z] [AutoRun] [25/148] RUN 05
[2026-07-02T00:02:13.915Z] [AutoRun] ✅ VALID
[2026-07-02T00:02:16.432Z] [AutoRun] [26/148] BA TRI 27
[2026-07-02T00:02:19.362Z] [AutoRun] ✅ VALID
[2026-07-02T00:02:21.885Z] [AutoRun] [27/148] BA TRI 02
[2026-07-02T00:02:24.550Z] [AutoRun] ❌ FAILED (Invalid)
[2026-07-02T00:02:27.060Z] [AutoRun] [28/148] BA TRI 13
[2026-07-02T00:02:29.271Z] [AutoRun] ✅ VALID
[2026-07-02T00:02:31.777Z] [AutoRun] [29/148] BESTSOLO 04
[2026-07-02T00:02:33.165Z] [AutoRun] ✅ VALID
[2026-07-02T00:02:35.677Z] [AutoRun] [30/148] BA TRI 06
[2026-07-02T00:02:38.295Z] [AutoRun] ✅ VALID
[2026-07-02T00:02:40.807Z] [AutoRun] [31/148] BEST SOLO 15
[2026-07-02T00:02:42.643Z] [AutoRun] ✅ VALID
[2026-07-02T00:02:45.174Z] [AutoRun] [32/148] BEST SOLO 19
[2026-07-02T00:02:47.085Z] [AutoRun] ✅ VALID
[2026-07-02T00:02:49.586Z] [AutoRun] [33/148] BA TRI 04
[2026-07-02T00:02:56.509Z] [AutoRun] ✅ VALID
[2026-07-02T00:02:59.020Z] [AutoRun] [34/148] BEST SOLO 04
[2026-07-02T00:03:00.994Z] [AutoRun] ✅ VALID
[2026-07-02T00:03:03.503Z] [AutoRun] [35/148] BEST SOLO 03
[2026-07-02T00:03:04.839Z] [AutoRun] ✅ VALID
[2026-07-02T00:03:06.338Z] [AutoRun] [36/148] BEST SOLO 04
[2026-07-02T00:03:06.339Z] [AutoRun] ⏭️  SKIPPED (Duplicate)
[2026-07-02T00:03:06.339Z] [AutoRun] [37/148] BEST SOLO 01
[2026-07-02T00:03:08.142Z] [AutoRun] ✅ VALID
[2026-07-02T00:03:10.675Z] [AutoRun] [38/148] LONA 02
[2026-07-02T00:03:13.008Z] [AutoRun] ✅ VALID
[2026-07-02T00:03:15.523Z] [AutoRun] [39/148] BEST SOLO 04
[2026-07-02T00:03:17.268Z] [AutoRun] ✅ VALID
[2026-07-02T00:03:19.793Z] [AutoRun] [40/148] BA TRI 25
[2026-07-02T00:03:21.734Z] [AutoRun] ✅ VALID
[2026-07-02T00:03:24.236Z] [AutoRun] [41/148] BA TRI 27
[2026-07-02T00:03:26.243Z] [AutoRun] ✅ VALID
[2026-07-02T00:03:28.752Z] [AutoRun] [42/148] LONA 19
[2026-07-02T00:03:31.396Z] [AutoRun] ✅ VALID
[2026-07-02T00:03:33.916Z] [AutoRun] [43/148] BA TRI 28
[2026-07-02T00:03:36.161Z] [AutoRun] ✅ VALID
[2026-07-02T00:03:37.646Z] [AutoRun] [44/148] BEST SOLO 01
[2026-07-02T00:03:42.582Z] [AutoRun] ✅ VALID
[2026-07-02T00:03:45.113Z] [AutoRun] [45/148] BEST SOLO 06
[2026-07-02T00:03:47.554Z] [AutoRun] ✅ VALID
[2026-07-02T00:03:50.070Z] [AutoRun] [46/148] BEST SOLO 06
[2026-07-02T00:03:52.681Z] [AutoRun] ✅ VALID
[2026-07-02T00:03:55.194Z] [AutoRun] [47/148] BA TRI 30
[2026-07-02T00:03:57.286Z] [AutoRun] ✅ VALID
[2026-07-02T00:03:59.787Z] [AutoRun] [48/148] BA TRI 00
[2026-07-02T00:04:02.039Z] [AutoRun] ✅ VALID
[2026-07-02T00:04:04.548Z] [AutoRun] [49/148] BA TRI 09
[2026-07-02T00:04:06.206Z] [AutoRun] ✅ VALID
[2026-07-02T00:04:07.686Z] [AutoRun] [50/148] BA TRI 17
[2026-07-02T00:04:09.789Z] [AutoRun] ❌ FAILED (Invalid)
[2026-07-02T00:04:12.296Z] [AutoRun] [51/148] BEST SOLO 17
[2026-07-02T00:04:14.594Z] [AutoRun] ❌ FAILED (Invalid)
[2026-07-02T00:04:17.098Z] [AutoRun] [52/148] BA TRI 13
[2026-07-02T00:04:19.192Z] [AutoRun] ✅ VALID
[2026-07-02T00:04:21.694Z] [AutoRun] [53/148] BA TRI 28
[2026-07-02T00:04:24.212Z] [AutoRun] ✅ VALID
[2026-07-02T00:04:26.713Z] [AutoRun] [54/148] BA TRI 28
[2026-07-02T00:04:26.714Z] [AutoRun] ⏭️  SKIPPED (Duplicate)
[2026-07-02T00:04:26.714Z] [AutoRun] [55/148] BA TRI 14
[2026-07-02T00:04:30.654Z] [AutoRun] ✅ VALID
[2026-07-02T00:04:33.190Z] [AutoRun] [56/148] BEST SOLO 23
[2026-07-02T00:04:34.595Z] [AutoRun] ✅ VALID
[2026-07-02T00:04:37.101Z] [AutoRun] [57/148] LONA 04
[2026-07-02T00:04:43.019Z] [AutoRun] ❌ FAILED (Invalid)
[2026-07-02T00:04:45.523Z] [AutoRun] [58/148] BA TRI 00
[2026-07-02T00:04:49.766Z] [AutoRun] ❌ FAILED (Invalid)
[2026-07-02T00:04:52.270Z] [AutoRun] [59/148] BA TRI 04
[2026-07-02T00:04:55.221Z] [AutoRun] ✅ VALID
[2026-07-02T00:04:57.722Z] [AutoRun] [60/148] BA TRI 21
[2026-07-02T00:05:00.218Z] [AutoRun] ✅ VALID
[2026-07-02T00:05:02.735Z] [AutoRun] [61/148] BA TRI 22
[2026-07-02T00:05:04.850Z] [AutoRun] ✅ VALID
[2026-07-02T00:05:07.352Z] [AutoRun] [62/148] ba tri 10
[2026-07-02T00:05:09.861Z] [AutoRun] ✅ VALID
[2026-07-02T00:05:11.346Z] [AutoRun] [63/148] BA TRI 22
[2026-07-02T00:05:12.974Z] [AutoRun] ✅ VALID
[2026-07-02T00:05:15.486Z] [AutoRun] [64/148] BA TRI 38
[2026-07-02T00:05:17.367Z] [AutoRun] ✅ VALID
[2026-07-02T00:05:19.867Z] [AutoRun] [65/148] Batri 00
[2026-07-02T00:05:21.942Z] [AutoRun] ✅ VALID
[2026-07-02T00:05:24.443Z] [AutoRun] [66/148] 00
[2026-07-02T00:05:25.844Z] [AutoRun] ✅ VALID
[2026-07-02T00:05:28.350Z] [AutoRun] [67/148] bestsolo 07
[2026-07-02T00:05:29.697Z] [AutoRun] ✅ VALID
[2026-07-02T00:05:32.217Z] [AutoRun] [68/148] 01 BA TRI
[2026-07-02T00:05:34.563Z] [AutoRun] ✅ VALID
[2026-07-02T00:05:37.073Z] [AutoRun] [69/148] 07 BEST SOLO
[2026-07-02T00:05:39.296Z] [AutoRun] ✅ VALID
[2026-07-02T00:05:40.768Z] [AutoRun] [70/148] BA TRI 03
[2026-07-02T00:05:43.507Z] [AutoRun] ✅ VALID
[2026-07-02T00:05:46.020Z] [AutoRun] [71/148] solo 01
[2026-07-02T00:05:48.700Z] [AutoRun] ❌ FAILED (Invalid)
[2026-07-02T00:05:51.201Z] [AutoRun] [72/148] SOLO 2 ETC
[2026-07-02T00:05:53.706Z] [AutoRun] ✅ VALID
[2026-07-02T00:05:56.216Z] [AutoRun] [73/148] Ba tri 29
[2026-07-02T00:05:59.714Z] [AutoRun] ✅ VALID
[2026-07-02T00:06:02.224Z] [AutoRun] [74/148] SOLO 1 ETCHASH
[2026-07-02T00:06:03.928Z] [AutoRun] ✅ VALID
[2026-07-02T00:06:06.431Z] [AutoRun] [75/148] BaTri 13
[2026-07-02T00:06:08.981Z] [AutoRun] ✅ VALID
[2026-07-02T00:06:11.482Z] [AutoRun] [76/148] Ba tri 25
[2026-07-02T00:06:13.830Z] [AutoRun] ✅ VALID
[2026-07-02T00:06:16.337Z] [AutoRun] [77/148] SOLO 1 KAWPOW
[2026-07-02T00:06:17.233Z] [AutoRun] ❌ FAILED (Invalid)
[2026-07-02T00:06:19.744Z] [AutoRun] [78/148] Ba tri 21
[2026-07-02T00:06:21.508Z] [AutoRun] ✅ VALID
[2026-07-02T00:06:24.012Z] [AutoRun] [79/148] BaTri 33
[2026-07-02T00:06:26.580Z] [AutoRun] ✅ VALID
[2026-07-02T00:06:29.090Z] [AutoRun] [80/148] Batri 00
[2026-07-02T00:06:31.237Z] [AutoRun] ✅ VALID
[2026-07-02T00:06:33.743Z] [AutoRun] [81/148] Ba tri 37
[2026-07-02T00:06:35.951Z] [AutoRun] ✅ VALID
[2026-07-02T00:06:38.457Z] [AutoRun] [82/148] batri 17
[2026-07-02T00:06:40.986Z] [AutoRun] ❌ FAILED (Invalid)
[2026-07-02T00:06:43.494Z] [AutoRun] [83/148] BATRI 01 ETCHASH
[2026-07-02T00:06:44.380Z] [AutoRun] ❌ FAILED (Invalid)
[2026-07-02T00:06:46.882Z] [AutoRun] [84/148] Batri 38
[2026-07-02T00:06:51.501Z] [AutoRun] ✅ VALID
[2026-07-02T00:06:54.024Z] [AutoRun] [85/148] batri 01 EU
[2026-07-02T00:06:55.969Z] [AutoRun] ✅ VALID
[2026-07-02T00:06:58.500Z] [AutoRun] [86/148] BA TRI 12
[2026-07-02T00:07:00.043Z] [AutoRun] ✅ VALID
[2026-07-02T00:07:02.580Z] [AutoRun] [87/148] ba tri 02
[2026-07-02T00:07:04.892Z] [AutoRun] ✅ VALID
[2026-07-02T00:07:07.399Z] [AutoRun] [88/148] BA TRI 09
[2026-07-02T00:07:10.376Z] [AutoRun] ✅ VALID
[2026-07-02T00:07:12.891Z] [AutoRun] [89/148] BA TRI 09                           ⏭️  SKIPPED (Duplicate)
[2026-07-02T00:07:12.891Z] [AutoRun] [90/148] BA TRI 11
[2026-07-02T00:07:15.103Z] [AutoRun] ❌ FAILED (Invalid)
[2026-07-02T00:07:17.609Z] [AutoRun] [91/148] BA TRI 05
[2026-07-02T00:07:21.262Z] [AutoRun] ✅ VALID
[2026-07-02T00:07:23.784Z] [AutoRun] [92/148] BA TRI 08
[2026-07-02T00:07:26.877Z] [AutoRun] ✅ VALID
[2026-07-02T00:07:29.380Z] [AutoRun] [93/148] BA TRI 01
[2026-07-02T00:07:31.341Z] [AutoRun] ✅ VALID
[2026-07-02T00:07:33.854Z] [AutoRun] [94/148] BA TRI 12
[2026-07-02T00:07:37.617Z] [AutoRun] ✅ VALID
[2026-07-02T00:07:40.120Z] [AutoRun] [95/148] BA TRI 01
[2026-07-02T00:07:41.769Z] [AutoRun] ❌ FAILED (Invalid)
[2026-07-02T00:07:44.275Z] [AutoRun] [96/148] ba tri 01
[2026-07-02T00:07:45.344Z] [AutoRun] ❌ FAILED (Invalid)
[2026-07-02T00:07:46.812Z] [AutoRun] [97/148] BA TRI 11
[2026-07-02T00:07:49.654Z] [AutoRun] ✅ VALID
[2026-07-02T00:07:52.162Z] [AutoRun] [98/148] BA TRI 31
[2026-07-02T00:07:53.859Z] [AutoRun] ✅ VALID
[2026-07-02T00:07:56.369Z] [AutoRun] [99/148] BA TRI 04
[2026-07-02T00:07:58.069Z] [AutoRun] ❌ FAILED (Invalid)
[2026-07-02T00:08:00.573Z] [AutoRun] [100/148] LONA 08
[2026-07-02T00:08:03.400Z] [AutoRun] ✅ VALID
[2026-07-02T00:08:05.909Z] [AutoRun] [101/148] BATri 04
[2026-07-02T00:08:07.823Z] [AutoRun] ✅ VALID
[2026-07-02T00:08:10.328Z] [AutoRun] [102/148] BA TRI 05
[2026-07-02T00:08:12.139Z] [AutoRun] ✅ VALID
[2026-07-02T00:08:14.651Z] [AutoRun] [103/148] BEST SOLO 14
[2026-07-02T00:08:17.761Z] [AutoRun] ✅ VALID
[2026-07-02T00:08:20.266Z] [AutoRun] [104/148] LONA 01
[2026-07-02T00:08:22.206Z] [AutoRun] ✅ VALID
[2026-07-02T00:08:24.710Z] [AutoRun] [105/148] BEST SOLO 07
[2026-07-02T00:08:27.598Z] [AutoRun] ✅ VALID
[2026-07-02T00:08:30.100Z] [AutoRun] [106/148] LONA 04
[2026-07-02T00:08:32.420Z] [AutoRun] ✅ VALID
[2026-07-02T00:08:34.921Z] [AutoRun] [107/148] batri 01
[2026-07-02T00:08:36.907Z] [AutoRun] ✅ VALID
[2026-07-02T00:08:39.414Z] [AutoRun] [108/148] Best Solo 09
[2026-07-02T00:08:40.978Z] [AutoRun] ✅ VALID
[2026-07-02T00:08:43.493Z] [AutoRun] [109/148] batri 02
[2026-07-02T00:08:45.324Z] [AutoRun] ✅ VALID
[2026-07-02T00:08:47.834Z] [AutoRun] [110/148] Batri 01
[2026-07-02T00:08:47.938Z] [AutoRun] ❌ FAILED (Invalid)
[2026-07-02T00:08:50.446Z] [AutoRun] [111/148] BA TRI 04
[2026-07-02T00:08:52.236Z] [AutoRun] ✅ VALID
[2026-07-02T00:08:54.745Z] [AutoRun] [112/148] Batri 06
[2026-07-02T00:08:57.535Z] [AutoRun] ✅ VALID
[2026-07-02T00:09:00.036Z] [AutoRun] [113/148] BA TRI 26
[2026-07-02T00:09:03.828Z] [AutoRun] ✅ VALID
[2026-07-02T00:09:06.331Z] [AutoRun] [114/148] batri 39
[2026-07-02T00:09:07.955Z] [AutoRun] ✅ VALID
[2026-07-02T00:09:10.458Z] [AutoRun] [115/148] BA TRI 30
[2026-07-02T00:09:13.365Z] [AutoRun] ✅ VALID
[2026-07-02T00:09:15.872Z] [AutoRun] [116/148] LONA 03
[2026-07-02T00:09:18.597Z] [AutoRun] ✅ VALID
[2026-07-02T00:09:20.052Z] [AutoRun] [117/148] Ba Tri 18
[2026-07-02T00:09:22.508Z] [AutoRun] ✅ VALID
[2026-07-02T00:09:25.014Z] [AutoRun] [118/148] BA TRI 34
[2026-07-02T00:09:27.840Z] [AutoRun] ✅ VALID
[2026-07-02T00:09:30.365Z] [AutoRun] [119/148] BA TRI 36
[2026-07-02T00:09:33.004Z] [AutoRun] ✅ VALID
[2026-07-02T00:09:35.527Z] [AutoRun] [120/148] LONA 13
[2026-07-02T00:09:39.588Z] [AutoRun] ✅ VALID
[2026-07-02T00:09:42.095Z] [AutoRun] [121/148] BATRI 42
[2026-07-02T00:09:43.414Z] [AutoRun] ✅ VALID
[2026-07-02T00:09:45.929Z] [AutoRun] [122/148] LUCKY 01
[2026-07-02T00:09:48.573Z] [AutoRun] ✅ VALID
[2026-07-02T00:09:51.101Z] [AutoRun] [123/148] LONA 09
[2026-07-02T00:09:52.245Z] [AutoRun] ✅ VALID
[2026-07-02T00:09:54.751Z] [AutoRun] [124/148] BA TRI 06
[2026-07-02T00:09:56.379Z] [AutoRun] ✅ VALID
[2026-07-02T00:09:58.888Z] [AutoRun] [125/148] Lona 15
[2026-07-02T00:10:00.894Z] [AutoRun] ✅ VALID
[2026-07-02T00:10:03.400Z] [AutoRun] [126/148] BA TRI 08
[2026-07-02T00:10:05.278Z] [AutoRun] ✅ VALID
[2026-07-02T00:10:07.807Z] [AutoRun] [127/148] best 02
[2026-07-02T00:10:11.138Z] [AutoRun] ✅ VALID
[2026-07-02T00:10:13.662Z] [AutoRun] [128/148] BATRI 03
[2026-07-02T00:10:15.329Z] [AutoRun] ✅ VALID
[2026-07-02T00:10:17.836Z] [AutoRun] [129/148] Batri29
[2026-07-02T00:10:19.855Z] [AutoRun] ✅ VALID
[2026-07-02T00:10:21.283Z] [AutoRun] [130/148] BEST SOLO 01
[2026-07-02T00:10:24.264Z] [AutoRun] ✅ VALID
[2026-07-02T00:10:26.766Z] [AutoRun] [131/148] BA TRI 22
[2026-07-02T00:10:29.278Z] [AutoRun] ✅ VALID
[2026-07-02T00:10:31.782Z] [AutoRun] [132/148] BA TRI 02
[2026-07-02T00:10:33.469Z] [AutoRun] ✅ VALID
[2026-07-02T00:10:35.984Z] [AutoRun] [133/148] ba tri 19
[2026-07-02T00:10:37.682Z] [AutoRun] ✅ VALID
[2026-07-02T00:10:40.188Z] [AutoRun] [134/148] BA TRI 35
[2026-07-02T00:10:43.001Z] [AutoRun] ✅ VALID
[2026-07-02T00:10:45.533Z] [AutoRun] [135/148] BA TRI 18
[2026-07-02T00:10:47.039Z] [AutoRun] ❌ FAILED (Invalid)
[2026-07-02T00:10:49.548Z] [AutoRun] [136/148] BA TRI 20
[2026-07-02T00:10:51.074Z] [AutoRun] ✅ VALID
[2026-07-02T00:10:52.554Z] [AutoRun] [137/148] Ba Tri 14
[2026-07-02T00:10:54.516Z] [AutoRun] ✅ VALID
[2026-07-02T00:10:57.017Z] [AutoRun] [138/148] BA TRI 15
[2026-07-02T00:10:58.136Z] [AutoRun] ✅ VALID
[2026-07-02T00:11:00.661Z] [AutoRun] [139/148] 06 best
[2026-07-02T00:11:02.424Z] [AutoRun] ✅ VALID
[2026-07-02T00:11:04.929Z] [AutoRun] [140/148] ba tri 03
[2026-07-02T00:11:07.740Z] [AutoRun] ✅ VALID
[2026-07-02T00:11:10.273Z] [AutoRun] [141/148] BEST SOLO 21
[2026-07-02T00:11:12.416Z] [AutoRun] ❌ FAILED (Invalid)
[2026-07-02T00:11:14.917Z] [AutoRun] [142/148] lona 10
[2026-07-02T00:11:17.175Z] [AutoRun] ✅ VALID
[2026-07-02T00:11:19.681Z] [AutoRun] [143/148] COIN BATRI 40
[2026-07-02T00:11:22.071Z] [AutoRun] ✅ VALID
[2026-07-02T00:11:24.577Z] [AutoRun] [144/148] Batri 08
[2026-07-02T00:11:26.231Z] [AutoRun] ✅ VALID
[2026-07-02T00:11:28.754Z] [AutoRun] [145/148] batri 21
[2026-07-02T00:11:31.071Z] [AutoRun] ✅ VALID
[2026-07-02T00:11:33.582Z] [AutoRun] [146/148] batri 25
[2026-07-02T00:11:35.002Z] [AutoRun] ❌ FAILED (Invalid)
[2026-07-02T00:11:37.506Z] [AutoRun] [147/148] batri 29
[2026-07-02T00:11:39.869Z] [AutoRun] ✅ VALID
[2026-07-02T00:11:42.386Z] [AutoRun] [148/148] batri 01
[2026-07-02T00:11:44.377Z] [AutoRun] ✅ VALID
[2026-07-02T00:11:46.894Z] [AutoRun] ━━━━━━━━━━━━━━━━━━━━━━━━━━━━━━━━━━━━━━━━━━
[2026-07-02T00:11:46.895Z] [AutoRun] 📂 Processing: Account [PH]
[2026-07-02T00:11:46.895Z] [AutoRun] 📡 Fetching pools... [NiceHash] First-time function delay (1s): /main/api/v2/pools
[2026-07-02T00:11:47.896Z] [AutoRun] [NiceHash] First-time function delay (1s): getServerTime
[2026-07-02T00:11:50.714Z] [AutoRun] Fetching active orders...
[2026-07-02T00:11:50.714Z] [AutoRun] [NiceHash] First-time function delay (1s): /main/api/v2/hashpower/myOrders
[2026-07-02T00:11:52.456Z] [AutoRun] Done (129 pools, 0 active orders)
[2026-07-02T00:11:52.456Z] [AutoRun] [1/129] BEST SOLO 09
[2026-07-02T00:11:52.456Z] [AutoRun] [NiceHash] First-time function delay (1s): /main/api/v2/pools/verify
[2026-07-02T00:11:55.033Z] [AutoRun] ✅ VALID
[2026-07-02T00:11:56.502Z] [AutoRun] [2/129] BEST SOLO 01
[2026-07-02T00:11:59.400Z] [AutoRun] ✅ VALID
[2026-07-02T00:12:01.901Z] [AutoRun] [3/129] BA TRI 00
[2026-07-02T00:12:04.032Z] [AutoRun] ❌ FAILED (Invalid)
[2026-07-02T00:12:06.536Z] [AutoRun] [4/129] BA TRI 31
[2026-07-02T00:12:08.336Z] [AutoRun] ✅ VALID
[2026-07-02T00:12:10.837Z] [AutoRun] [5/129] BEST SOLO 02
[2026-07-02T00:12:13.638Z] [AutoRun] ✅ VALID
[2026-07-02T00:12:16.169Z] [AutoRun] [6/129] Lona 08
[2026-07-02T00:12:18.662Z] [AutoRun] ✅ VALID
[2026-07-02T00:12:21.163Z] [AutoRun] [7/129] BEST SOLO 12
[2026-07-02T00:12:23.038Z] [AutoRun] ✅ VALID
[2026-07-02T00:12:25.541Z] [AutoRun] [8/129] BEST SOLO 11
[2026-07-02T00:12:30.434Z] [AutoRun] ❌ FAILED (Invalid)
[2026-07-02T00:12:32.941Z] [AutoRun] [9/129] BEST SOLO 09
[2026-07-02T00:12:34.275Z] [AutoRun] ✅ VALID
[2026-07-02T00:12:36.782Z] [AutoRun] [10/129] BEST SOLO 03
[2026-07-02T00:12:38.926Z] [AutoRun] ✅ VALID
[2026-07-02T00:12:41.429Z] [AutoRun] [11/129] BEST SOLO 05
[2026-07-02T00:12:44.334Z] [AutoRun] ❌ FAILED (Invalid)
[2026-07-02T00:12:46.865Z] [AutoRun] [12/129] BEST SOLO 09
[2026-07-02T00:12:49.783Z] [AutoRun] ❌ FAILED (Invalid)
[2026-07-02T00:12:52.308Z] [AutoRun] [13/129] BEST SOLO 05
[2026-07-02T00:12:53.769Z] [AutoRun] ❌ FAILED (Invalid)
[2026-07-02T00:12:56.292Z] [AutoRun] [14/129] BEST SOLO 03
[2026-07-02T00:12:56.997Z] [AutoRun] ⏳ (429 hit, wait 2.5s)...
[2026-07-02T00:12:59.199Z] [AutoRun] ⏳ (429 hit, wait 2.5s)...
[2026-07-02T00:13:04.108Z] [AutoRun] ✅ VALID
[2026-07-02T00:13:06.620Z] [AutoRun] [15/129] BESR SOLO 01
[2026-07-02T00:13:08.058Z] [AutoRun] ✅ VALID
[2026-07-02T00:13:10.591Z] [AutoRun] [16/129] BATRI 30
[2026-07-02T00:13:13.937Z] [AutoRun] ✅ VALID
[2026-07-02T00:13:16.467Z] [AutoRun] [17/129] BEST SOLO 05
[2026-07-02T00:13:17.588Z] [AutoRun] ✅ VALID
[2026-07-02T00:13:20.117Z] [AutoRun] [18/129] BA TRI 00
[2026-07-02T00:13:22.760Z] [AutoRun] ✅ VALID
[2026-07-02T00:13:25.277Z] [AutoRun] [19/129] BEST SOLO 07
[2026-07-02T00:13:27.614Z] [AutoRun] ✅ VALID
[2026-07-02T00:13:29.044Z] [AutoRun] [20/129] BA TRI 02
[2026-07-02T00:13:29.886Z] [AutoRun] ⏳ (429 hit, wait 2.5s)...
[2026-07-02T00:13:33.426Z] [AutoRun] ❌ FAILED (Invalid)
[2026-07-02T00:13:35.930Z] [AutoRun] [21/129] BA TRI 04
[2026-07-02T00:13:37.509Z] [AutoRun] ✅ VALID
[2026-07-02T00:13:40.020Z] [AutoRun] [22/129] BA TRI 20
[2026-07-02T00:13:41.454Z] [AutoRun] ❌ FAILED (Invalid)
[2026-07-02T00:13:43.962Z] [AutoRun] [23/129] Lona 04
[2026-07-02T00:13:51.512Z] [AutoRun] ❌ FAILED (Invalid)
[2026-07-02T00:13:54.036Z] [AutoRun] [24/129] BA TRI 01
[2026-07-02T00:13:56.451Z] [AutoRun] ✅ VALID
[2026-07-02T00:13:58.965Z] [AutoRun] [25/129] BA TRI 19
[2026-07-02T00:13:59.796Z] [AutoRun] ⏳ (429 hit, wait 2.5s)...
[2026-07-02T00:14:03.201Z] [AutoRun] ✅ VALID
[2026-07-02T00:14:05.702Z] [AutoRun] [26/129] Lona 01
[2026-07-02T00:14:08.504Z] [AutoRun] ✅ VALID
[2026-07-02T00:14:11.015Z] [AutoRun] [27/129] BEST SOLO 10
[2026-07-02T00:14:11.970Z] [AutoRun] ✅ VALID
[2026-07-02T00:14:14.472Z] [AutoRun] [28/129] BEST SOLO 12
[2026-07-02T00:14:16.158Z] [AutoRun] ✅ VALID
[2026-07-02T00:14:18.666Z] [AutoRun] [29/129] BEST SOLO 22
[2026-07-02T00:14:20.746Z] [AutoRun] ✅ VALID
[2026-07-02T00:14:23.249Z] [AutoRun] [30/129] BA TRI 03
[2026-07-02T00:14:24.085Z] [AutoRun] ⏳ (429 hit, wait 2.5s)...
[2026-07-02T00:14:27.301Z] [AutoRun] ⏳ (429 hit, wait 2.5s)...
[2026-07-02T00:14:30.517Z] [AutoRun] ⏳ (429 hit, wait 2.5s)...
[2026-07-02T00:14:33.455Z] [AutoRun] ✅ VALID
[2026-07-02T00:14:35.959Z] [AutoRun] [31/129] BA TRI 01
[2026-07-02T00:14:37.828Z] [AutoRun] ✅ VALID
[2026-07-02T00:14:40.348Z] [AutoRun] [32/129] BEST SOLO 03
[2026-07-02T00:14:42.345Z] [AutoRun] ✅ VALID
[2026-07-02T00:14:44.845Z] [AutoRun] [33/129] Lona 00
[2026-07-02T00:14:47.161Z] [AutoRun] ❌ FAILED (Invalid)
[2026-07-02T00:14:49.662Z] [AutoRun] [34/129] BA TRI 33
[2026-07-02T00:14:53.333Z] [AutoRun] ✅ VALID
[2026-07-02T00:14:55.846Z] [AutoRun] [35/129] BEST SOLO 01
[2026-07-02T00:14:56.682Z] [AutoRun] ⏳ (429 hit, wait 2.5s)...
[2026-07-02T00:14:59.919Z] [AutoRun] ⏳ (429 hit, wait 2.5s)...
[2026-07-02T00:15:03.144Z] [AutoRun] ✅ VALID
[2026-07-02T00:15:05.674Z] [AutoRun] [36/129] BEST SOLO 03
[2026-07-02T00:15:07.592Z] [AutoRun] ✅ VALID
[2026-07-02T00:15:10.094Z] [AutoRun] [37/129] BEST SOLO 04
[2026-07-02T00:15:12.900Z] [AutoRun] ✅ VALID
[2026-07-02T00:15:15.419Z] [AutoRun] [38/129] BA TRI 01
[2026-07-02T00:15:18.331Z] [AutoRun] ✅ VALID
[2026-07-02T00:15:20.838Z] [AutoRun] [39/129] BEST SOLO 02
[2026-07-02T00:15:22.169Z] [AutoRun] ✅ VALID
[2026-07-02T00:15:24.674Z] [AutoRun] [40/129] BA TRI 32
[2026-07-02T00:15:26.392Z] [AutoRun] ✅ VALID
[2026-07-02T00:15:28.895Z] [AutoRun] [41/129] BA TRI 33
[2026-07-02T00:15:29.606Z] [AutoRun] ⏳ (429 hit, wait 2.5s)...
[2026-07-02T00:15:33.938Z] [AutoRun] ✅ VALID
[2026-07-02T00:15:35.359Z] [AutoRun] [42/129] BA TRI 39
[2026-07-02T00:15:36.875Z] [AutoRun] ✅ VALID
[2026-07-02T00:15:39.413Z] [AutoRun] [43/129] BA TRI 34
[2026-07-02T00:15:41.295Z] [AutoRun] ✅ VALID
[2026-07-02T00:15:43.795Z] [AutoRun] [44/129] BA TRI 08
[2026-07-02T00:15:45.441Z] [AutoRun] ✅ VALID
[2026-07-02T00:15:47.955Z] [AutoRun] [45/129] LONA 05
[2026-07-02T00:15:50.325Z] [AutoRun] ✅ VALID
[2026-07-02T00:15:52.843Z] [AutoRun] [46/129] BA TRI 02
[2026-07-02T00:15:53.680Z] [AutoRun] ⏳ (429 hit, wait 2.5s)...
[2026-07-02T00:15:56.896Z] [AutoRun] ⏳ (429 hit, wait 2.5s)...
[2026-07-02T00:16:00.107Z] [AutoRun] ⏳ (429 hit, wait 2.5s)...
[2026-07-02T00:16:04.037Z] [AutoRun] ❌ FAILED (Invalid)
[2026-07-02T00:16:05.476Z] [AutoRun] [47/129] BA TRI 14
[2026-07-02T00:16:07.454Z] [AutoRun] ✅ VALID
[2026-07-02T00:16:09.957Z] [AutoRun] [48/129] BEST SOLO 08
[2026-07-02T00:16:11.617Z] [AutoRun] ✅ VALID
[2026-07-02T00:16:14.148Z] [AutoRun] [49/129] LONA 06
[2026-07-02T00:16:16.133Z] [AutoRun] ✅ VALID
[2026-07-02T00:16:18.638Z] [AutoRun] [50/129] BEST SOLO 01
[2026-07-02T00:16:21.172Z] [AutoRun] ✅ VALID
[2026-07-02T00:16:23.673Z] [AutoRun] [51/129] BA TRI 15
[2026-07-02T00:16:26.550Z] [AutoRun] ✅ VALID
[2026-07-02T00:16:29.064Z] [AutoRun] [52/129] BEST SOLO 01
[2026-07-02T00:16:29.916Z] [AutoRun] ⏳ (429 hit, wait 2.5s)...
[2026-07-02T00:16:34.849Z] [AutoRun] ✅ VALID
[2026-07-02T00:16:36.297Z] [AutoRun] [53/129] BATRI 06
[2026-07-02T00:16:38.345Z] [AutoRun] ✅ VALID
[2026-07-02T00:16:40.846Z] [AutoRun] [54/129] BEST SOLO 08
[2026-07-02T00:16:42.881Z] [AutoRun] ✅ VALID
[2026-07-02T00:16:45.381Z] [AutoRun] [55/129] BEST SOLO 02
[2026-07-02T00:16:47.842Z] [AutoRun] ✅ VALID
[2026-07-02T00:16:50.358Z] [AutoRun] [56/129] BA TRI 29
[2026-07-02T00:16:53.014Z] [AutoRun] ✅ VALID
[2026-07-02T00:16:55.538Z] [AutoRun] [57/129] BA TRI 01
[2026-07-02T00:16:56.391Z] [AutoRun] ⏳ (429 hit, wait 2.5s)...
[2026-07-02T00:16:59.619Z] [AutoRun] ⏳ (429 hit, wait 2.5s)...
[2026-07-02T00:17:03.509Z] [AutoRun] ❌ FAILED (Invalid)
[2026-07-02T00:17:06.030Z] [AutoRun] [58/129] BA TRI 06
[2026-07-02T00:17:07.480Z] [AutoRun] ❌ FAILED (Invalid)
[2026-07-02T00:17:08.929Z] [AutoRun] [59/129] BA TRI 08
[2026-07-02T00:17:11.915Z] [AutoRun] ✅ VALID
[2026-07-02T00:17:14.419Z] [AutoRun] [60/129] BA TRI 14
[2026-07-02T00:17:16.107Z] [AutoRun] ✅ VALID
[2026-07-02T00:17:18.639Z] [AutoRun] [61/129] BA TRI 09
[2026-07-02T00:17:20.684Z] [AutoRun] ✅ VALID
[2026-07-02T00:17:23.189Z] [AutoRun] [62/129] BA TRI 25
[2026-07-02T00:17:26.387Z] [AutoRun] ✅ VALID
[2026-07-02T00:17:28.892Z] [AutoRun] [63/129] BEST SOLO 04
[2026-07-02T00:17:29.737Z] [AutoRun] ⏳ (429 hit, wait 2.5s)...
[2026-07-02T00:17:33.072Z] [AutoRun] ✅ VALID
[2026-07-02T00:17:35.580Z] [AutoRun] [64/129] BEST SOLO 06
[2026-07-02T00:17:38.226Z] [AutoRun] ✅ VALID
[2026-07-02T00:17:39.644Z] [AutoRun] [65/129] BEST SOLO 07
[2026-07-02T00:17:41.956Z] [AutoRun] ✅ VALID
[2026-07-02T00:17:44.466Z] [AutoRun] [66/129] BEST SOLO 21
[2026-07-02T00:17:48.904Z] [AutoRun] ❌ FAILED (Invalid)
[2026-07-02T00:17:51.412Z] [AutoRun] [67/129] BA TRI 20
[2026-07-02T00:17:53.776Z] [AutoRun] ✅ VALID
[2026-07-02T00:17:56.280Z] [AutoRun] [68/129] BA TRI 03
[2026-07-02T00:17:57.123Z] [AutoRun] ⏳ (429 hit, wait 2.5s)...
[2026-07-02T00:18:00.352Z] [AutoRun] ⏳ (429 hit, wait 2.5s)...
[2026-07-02T00:18:05.072Z] [AutoRun] ✅ VALID
[2026-07-02T00:18:07.580Z] [AutoRun] [69/129] BATRI 15
[2026-07-02T00:18:09.032Z] [AutoRun] ✅ VALID
[2026-07-02T00:18:10.422Z] [AutoRun] [70/129] BA TRI 05
[2026-07-02T00:18:13.204Z] [AutoRun] ✅ VALID
[2026-07-02T00:18:15.706Z] [AutoRun] [71/129] BEST SOLO 01
[2026-07-02T00:18:18.502Z] [AutoRun] ✅ VALID
[2026-07-02T00:18:21.028Z] [AutoRun] [72/129] BEST SOLO 05
[2026-07-02T00:18:24.137Z] [AutoRun] ✅ VALID
[2026-07-02T00:18:26.638Z] [AutoRun] [73/129] BA TRI 38
[2026-07-02T00:18:29.581Z] [AutoRun] ✅ VALID
[2026-07-02T00:18:32.107Z] [AutoRun] [74/129] Lona 16
[2026-07-02T00:18:34.179Z] [AutoRun] ✅ VALID
[2026-07-02T00:18:36.681Z] [AutoRun] [75/129] BA TRI 09
[2026-07-02T00:18:36.681Z] [AutoRun] ⏭️  SKIPPED (Duplicate)
[2026-07-02T00:18:36.682Z] [AutoRun] [76/129] BATRI 18
[2026-07-02T00:18:38.903Z] [AutoRun] ✅ VALID
[2026-07-02T00:18:41.406Z] [AutoRun] [77/129] BA TRI 35
[2026-07-02T00:18:43.624Z] [AutoRun] ✅ VALID
[2026-07-02T00:18:46.126Z] [AutoRun] [78/129] BA TRI 34
[2026-07-02T00:18:49.021Z] [AutoRun] ✅ VALID
[2026-07-02T00:18:51.541Z] [AutoRun] [79/129] BA TRI 26
[2026-07-02T00:18:53.843Z] [AutoRun] ✅ VALID
[2026-07-02T00:18:56.344Z] [AutoRun] [80/129] BEST SOLO 23
[2026-07-02T00:18:58.424Z] [AutoRun] ✅ VALID
[2026-07-02T00:19:00.926Z] [AutoRun] [81/129] BaTri 17
[2026-07-02T00:19:02.378Z] [AutoRun] ❌ FAILED (Invalid)
[2026-07-02T00:19:04.900Z] [AutoRun] [82/129] BA TRI 37
[2026-07-02T00:19:08.258Z] [AutoRun] ✅ VALID
[2026-07-02T00:19:10.775Z] [AutoRun] [83/129] BA TRI 29
[2026-07-02T00:19:13.589Z] [AutoRun] ✅ VALID
[2026-07-02T00:19:16.097Z] [AutoRun] [84/129] Solo 06
[2026-07-02T00:19:18.954Z] [AutoRun] ✅ VALID
[2026-07-02T00:19:21.460Z] [AutoRun] [85/129] Ba TRI 30
[2026-07-02T00:19:23.739Z] [AutoRun] ✅ VALID
[2026-07-02T00:19:26.239Z] [AutoRun] [86/129] BEST SOLO 06
[2026-07-02T00:19:28.689Z] [AutoRun] ✅ VALID
[2026-07-02T00:19:31.206Z] [AutoRun] [87/129] BA TRI 04
[2026-07-02T00:19:33.186Z] [AutoRun] ✅ VALID
[2026-07-02T00:19:35.690Z] [AutoRun] [88/129] BA TRI 19
[2026-07-02T00:19:35.690Z] [AutoRun] ⏭️  SKIPPED (Duplicate)
[2026-07-02T00:19:35.690Z] [AutoRun] [89/129] BA TRI 19
[2026-07-02T00:19:36.940Z] [AutoRun] ❌ FAILED (Invalid)
[2026-07-02T00:19:39.445Z] [AutoRun] [90/129] BEST SOLO 8
[2026-07-02T00:19:40.617Z] [AutoRun] ✅ VALID
[2026-07-02T00:19:43.117Z] [AutoRun] [91/129] BEST SOLO 02
[2026-07-02T00:19:43.888Z] [AutoRun] ✅ VALID
[2026-07-02T00:19:46.394Z] [AutoRun] [92/129] BA TRI 03
[2026-07-02T00:19:49.377Z] [AutoRun] ✅ VALID
[2026-07-02T00:19:51.899Z] [AutoRun] [93/129] BA TRI 25
[2026-07-02T00:19:54.424Z] [AutoRun] ✅ VALID
[2026-07-02T00:19:56.933Z] [AutoRun] [94/129] BEST SOLO 04
[2026-07-02T00:19:59.520Z] [AutoRun] ✅ VALID
[2026-07-02T00:20:02.033Z] [AutoRun] [95/129] BA TRI 13
[2026-07-02T00:20:04.421Z] [AutoRun] ✅ VALID
[2026-07-02T00:20:06.923Z] [AutoRun] [96/129] BA TRI 18
[2026-07-02T00:20:08.408Z] [AutoRun] ❌ FAILED (Invalid)
[2026-07-02T00:20:10.912Z] [AutoRun] [97/129] BEST SOLO 17
[2026-07-02T00:20:12.605Z] [AutoRun] ❌ FAILED (Invalid)
[2026-07-02T00:20:15.116Z] [AutoRun] [98/129] Best SOLO 03
[2026-07-02T00:20:15.976Z] [AutoRun] ❌ FAILED (Invalid)
[2026-07-02T00:20:18.479Z] [AutoRun] [99/129] BEST SOLO 03
[2026-07-02T00:20:21.147Z] [AutoRun] ✅ VALID
[2026-07-02T00:20:23.666Z] [AutoRun] [100/129] BA TRI 36
[2026-07-02T00:20:27.201Z] [AutoRun] ✅ VALID
[2026-07-02T00:20:29.723Z] [AutoRun] [101/129] BA TRI 13
[2026-07-02T00:20:31.789Z] [AutoRun] ✅ VALID
[2026-07-02T00:20:34.290Z] [AutoRun] [102/129] BA TRI 17
[2026-07-02T00:20:35.674Z] [AutoRun] ❌ FAILED (Invalid)
[2026-07-02T00:20:38.190Z] [AutoRun] [103/129] BEST SOLO 01
[2026-07-02T00:20:38.190Z] [AutoRun] ⏭️  SKIPPED (Duplicate)
[2026-07-02T00:20:38.190Z] [AutoRun] [104/129] BA TRI 13
[2026-07-02T00:20:40.685Z] [AutoRun] ✅ VALID
[2026-07-02T00:20:43.199Z] [AutoRun] [105/129] BA TRI 21
[2026-07-02T00:20:45.187Z] [AutoRun] ✅ VALID
[2026-07-02T00:20:46.611Z] [AutoRun] [106/129] BA TRI 41
[2026-07-02T00:20:48.802Z] [AutoRun] ❌ FAILED (Invalid)
[2026-07-02T00:20:51.308Z] [AutoRun] [107/129] BEST SOLO 03
[2026-07-02T00:20:52.987Z] [AutoRun] ✅ VALID
[2026-07-02T00:20:55.492Z] [AutoRun] [108/129] Ba Tri 11
[2026-07-02T00:20:57.368Z] [AutoRun] ✅ VALID
[2026-07-02T00:20:59.873Z] [AutoRun] [109/129] BA TRI 19
[2026-07-02T00:21:01.707Z] [AutoRun] ✅ VALID
[2026-07-02T00:21:04.213Z] [AutoRun] [110/129] LONA 05
[2026-07-02T00:21:06.569Z] [AutoRun] ✅ VALID
[2026-07-02T00:21:09.072Z] [AutoRun] [111/129] BA TRI 06
[2026-07-02T00:21:10.721Z] [AutoRun] ✅ VALID
[2026-07-02T00:21:13.224Z] [AutoRun] [112/129] LONA 9
[2026-07-02T00:21:15.114Z] [AutoRun] ✅ VALID
[2026-07-02T00:21:17.615Z] [AutoRun] [113/129] LONA 06
[2026-07-02T00:21:18.826Z] [AutoRun] ✅ VALID
[2026-07-02T00:21:21.329Z] [AutoRun] [114/129] BA TRI 11
[2026-07-02T00:21:23.239Z] [AutoRun] ❌ FAILED (Invalid)
[2026-07-02T00:21:25.746Z] [AutoRun] [115/129] LONA 07
[2026-07-02T00:21:27.843Z] [AutoRun] ✅ VALID
[2026-07-02T00:21:30.346Z] [AutoRun] [116/129] BA TRI 06
[2026-07-02T00:21:33.562Z] [AutoRun] ✅ VALID
[2026-07-02T00:21:36.081Z] [AutoRun] [117/129] BaTri00
[2026-07-02T00:21:38.127Z] [AutoRun] ✅ VALID
[2026-07-02T00:21:40.628Z] [AutoRun] [118/129] LONA 01
[2026-07-02T00:21:42.708Z] [AutoRun] ✅ VALID
[2026-07-02T00:21:45.211Z] [AutoRun] [119/129] LONA 08
[2026-07-02T00:21:47.400Z] [AutoRun] ✅ VALID
[2026-07-02T00:21:48.801Z] [AutoRun] [120/129] Lona 10
[2026-07-02T00:21:50.772Z] [AutoRun] ✅ VALID
[2026-07-02T00:21:53.276Z] [AutoRun] [121/129] BA TRI 03
[2026-07-02T00:21:55.246Z] [AutoRun] ❌ FAILED (Invalid)
[2026-07-02T00:21:57.750Z] [AutoRun] [122/129] Lona 11
[2026-07-02T00:21:59.402Z] [AutoRun] ✅ VALID
[2026-07-02T00:22:01.912Z] [AutoRun] [123/129] BA TRI 14
[2026-07-02T00:22:01.912Z] [AutoRun] ⏭️  SKIPPED (Duplicate)
[2026-07-02T00:22:01.912Z] [AutoRun] [124/129] BA TRI 03
[2026-07-02T00:22:04.207Z] [AutoRun] ✅ VALID
[2026-07-02T00:22:06.715Z] [AutoRun] [125/129] Ba Tri 24
[2026-07-02T00:22:09.762Z] [AutoRun] ✅ VALID
[2026-07-02T00:22:12.265Z] [AutoRun] [126/129] BEST SOLO 07
[2026-07-02T00:22:14.226Z] [AutoRun] ✅ VALID
[2026-07-02T00:22:16.733Z] [AutoRun] [127/129] BEST SOLO 01
[2026-07-02T00:22:18.832Z] [AutoRun] ❌ FAILED (Invalid)
[2026-07-02T00:22:20.250Z] [AutoRun] [128/129] Ba Tri 12
[2026-07-02T00:22:23.235Z] [AutoRun] ✅ VALID
[2026-07-02T00:22:25.741Z] [AutoRun] [129/129] BA TRI 22
[2026-07-02T00:22:27.447Z] [AutoRun] ✅ VALID
[2026-07-02T00:22:29.969Z] [AutoRun] ━━━━━━━━━━━━━━━━━━━━━━━━━━━━━━━━━━━━━━━━━━
[2026-07-02T00:22:29.969Z] [AutoRun] 📂 Processing: Account [LN]
[2026-07-02T00:22:29.969Z] [AutoRun] 📡 Fetching pools... [NiceHash] First-time function delay (1s): /main/api/v2/pools
[2026-07-02T00:22:30.994Z] [AutoRun] [NiceHash] First-time function delay (1s): getServerTime
[2026-07-02T00:22:34.697Z] [AutoRun] Fetching active orders...
[2026-07-02T00:22:34.698Z] [AutoRun] [NiceHash] First-time function delay (1s): /main/api/v2/hashpower/myOrders
[2026-07-02T00:22:37.092Z] [AutoRun] Done (253 pools, 0 active orders)
[2026-07-02T00:22:37.093Z] [AutoRun] [1/253] LONA 02                             [NiceHash] First-time function delay (1s): /main/api/v2/pools/verify
[2026-07-02T00:22:40.038Z] [AutoRun] ✅ VALID
[2026-07-02T00:22:42.539Z] [AutoRun] [2/253] 01 US
[2026-07-02T00:22:44.177Z] [AutoRun] ✅ VALID
[2026-07-02T00:22:46.679Z] [AutoRun] [3/253] 38
[2026-07-02T00:22:48.306Z] [AutoRun] ✅ VALID
[2026-07-02T00:22:50.809Z] [AutoRun] [4/253] 02 EU
[2026-07-02T00:22:51.711Z] [AutoRun] ✅ VALID
[2026-07-02T00:22:54.211Z] [AutoRun] [5/253] 02 US
[2026-07-02T00:22:55.749Z] [AutoRun] ✅ VALID
[2026-07-02T00:22:58.256Z] [AutoRun] [6/253] 03 US
[2026-07-02T00:22:59.628Z] [AutoRun] ✅ VALID
[2026-07-02T00:23:02.136Z] [AutoRun] [7/253] 05 US KIMNGAN
[2026-07-02T00:23:03.458Z] [AutoRun] ✅ VALID
[2026-07-02T00:23:05.973Z] [AutoRun] [8/253] 04
[2026-07-02T00:23:07.478Z] [AutoRun] ✅ VALID
[2026-07-02T00:23:09.981Z] [AutoRun] [9/253] 04 EU
[2026-07-02T00:23:12.220Z] [AutoRun] ✅ VALID
[2026-07-02T00:23:14.723Z] [AutoRun] [10/253] 06 EU
[2026-07-02T00:23:16.851Z] [AutoRun] ✅ VALID
[2026-07-02T00:23:19.354Z] [AutoRun] [11/253] 07 US
[2026-07-02T00:23:20.804Z] [AutoRun] ✅ VALID
[2026-07-02T00:23:22.197Z] [AutoRun] [12/253] 35
[2026-07-02T00:23:24.144Z] [AutoRun] ✅ VALID
[2026-07-02T00:23:26.647Z] [AutoRun] [13/253] 27
[2026-07-02T00:23:28.304Z] [AutoRun] ✅ VALID
[2026-07-02T00:23:30.842Z] [AutoRun] [14/253] 07
[2026-07-02T00:23:31.858Z] [AutoRun] ❌ FAILED (Invalid)
[2026-07-02T00:23:34.395Z] [AutoRun] [15/253] 40
[2026-07-02T00:23:38.174Z] [AutoRun] ❌ FAILED (Invalid)
[2026-07-02T00:23:40.685Z] [AutoRun] [16/253] 00
[2026-07-02T00:23:43.205Z] [AutoRun] ❌ FAILED (Invalid)
[2026-07-02T00:23:45.723Z] [AutoRun] [17/253] LONA 01
[2026-07-02T00:23:48.043Z] [AutoRun] ❌ FAILED (Invalid)
[2026-07-02T00:23:50.546Z] [AutoRun] [18/253] 37
[2026-07-02T00:23:52.382Z] [AutoRun] ✅ VALID
[2026-07-02T00:23:53.835Z] [AutoRun] [19/253] 41
[2026-07-02T00:23:55.050Z] [AutoRun] ❌ FAILED (Invalid)
[2026-07-02T00:23:57.552Z] [AutoRun] [20/253] BA TRI 21
[2026-07-02T00:23:59.793Z] [AutoRun] ❌ FAILED (Invalid)
[2026-07-02T00:24:02.296Z] [AutoRun] [21/253] A04
[2026-07-02T00:24:03.440Z] [AutoRun] ❌ FAILED (Invalid)
[2026-07-02T00:24:05.943Z] [AutoRun] [22/253] 19
[2026-07-02T00:24:06.812Z] [AutoRun] ❌ FAILED (Invalid)
[2026-07-02T00:24:09.344Z] [AutoRun] [23/253] 00 US
[2026-07-02T00:24:10.221Z] [AutoRun] ❌ FAILED (Invalid)
[2026-07-02T00:24:12.730Z] [AutoRun] [24/253] ba tri 02
[2026-07-02T00:24:14.766Z] [AutoRun] ✅ VALID
[2026-07-02T00:24:17.268Z] [AutoRun] [25/253] 33
[2026-07-02T00:24:18.425Z] [AutoRun] ❌ FAILED (Invalid)
[2026-07-02T00:24:20.928Z] [AutoRun] [26/253] 00_US
[2026-07-02T00:24:23.212Z] [AutoRun] ✅ VALID
[2026-07-02T00:24:24.624Z] [AutoRun] [27/253] 01_EU
[2026-07-02T00:24:28.231Z] [AutoRun] ✅ VALID
[2026-07-02T00:24:30.754Z] [AutoRun] [28/253] MEXC TRONG HUU _US
[2026-07-02T00:24:31.913Z] [AutoRun] ✅ VALID
[2026-07-02T00:24:34.442Z] [AutoRun] [29/253] MEXC_TRONGHUU_EU
[2026-07-02T00:24:35.195Z] [AutoRun] ✅ VALID
[2026-07-02T00:24:37.710Z] [AutoRun] [30/253] ba tri 06
[2026-07-02T00:24:39.975Z] [AutoRun] ✅ VALID
[2026-07-02T00:24:42.490Z] [AutoRun] [31/253] 00 US
[2026-07-02T00:24:44.680Z] [AutoRun] ✅ VALID
[2026-07-02T00:24:47.182Z] [AutoRun] [32/253] 01 EU
[2026-07-02T00:24:49.621Z] [AutoRun] ✅ VALID
[2026-07-02T00:24:52.126Z] [AutoRun] [33/253] 03 EU
[2026-07-02T00:24:54.393Z] [AutoRun] ✅ VALID
[2026-07-02T00:24:55.797Z] [AutoRun] [34/253] 04 US
[2026-07-02T00:24:57.276Z] [AutoRun] ✅ VALID
[2026-07-02T00:24:59.789Z] [AutoRun] [35/253] 05 EU KIMNGAN
[2026-07-02T00:25:01.663Z] [AutoRun] ✅ VALID
[2026-07-02T00:25:04.164Z] [AutoRun] [36/253] 06 US
[2026-07-02T00:25:05.680Z] [AutoRun] ✅ VALID
[2026-07-02T00:25:08.191Z] [AutoRun] [37/253] 07 EU
[2026-07-02T00:25:09.963Z] [AutoRun] ✅ VALID
[2026-07-02T00:25:12.485Z] [AutoRun] [38/253] 08 US
[2026-07-02T00:25:14.670Z] [AutoRun] ✅ VALID
[2026-07-02T00:25:17.182Z] [AutoRun] [39/253] ba tri 16
[2026-07-02T00:25:18.746Z] [AutoRun] ❌ FAILED (Invalid)
[2026-07-02T00:25:21.261Z] [AutoRun] [40/253] 18
[2026-07-02T00:25:22.799Z] [AutoRun] ❌ FAILED (Invalid)
[2026-07-02T00:25:25.326Z] [AutoRun] [41/253] 19
[2026-07-02T00:25:26.163Z] [AutoRun] ❌ FAILED (Invalid)
[2026-07-02T00:25:28.664Z] [AutoRun] [42/253] ba tri 25
[2026-07-02T00:25:31.560Z] [AutoRun] ❌ FAILED (Invalid)
[2026-07-02T00:25:34.083Z] [AutoRun] [43/253] 22
[2026-07-02T00:25:35.079Z] [AutoRun] ❌ FAILED (Invalid)
[2026-07-02T00:25:37.618Z] [AutoRun] [44/253] 23
[2026-07-02T00:25:38.489Z] [AutoRun] ❌ FAILED (Invalid)
[2026-07-02T00:25:40.996Z] [AutoRun] [45/253] 24
[2026-07-02T00:25:41.864Z] [AutoRun] ❌ FAILED (Invalid)
[2026-07-02T00:25:44.401Z] [AutoRun] [46/253] LONA 08
[2026-07-02T00:25:45.160Z] [AutoRun] ❌ FAILED (Invalid)
[2026-07-02T00:25:47.672Z] [AutoRun] [47/253] 04
[2026-07-02T00:25:48.931Z] [AutoRun] ❌ FAILED (Invalid)
[2026-07-02T00:25:51.452Z] [AutoRun] [48/253] 05
[2026-07-02T00:25:52.620Z] [AutoRun] ❌ FAILED (Invalid)
[2026-07-02T00:25:55.133Z] [AutoRun] [49/253] 10
[2026-07-02T00:25:56.378Z] [AutoRun] ❌ FAILED (Invalid)
[2026-07-02T00:25:57.777Z] [AutoRun] [50/253] 14 cion
[2026-07-02T00:25:59.382Z] [AutoRun] ❌ FAILED (Invalid)
[2026-07-02T00:26:01.890Z] [AutoRun] [51/253] 16
[2026-07-02T00:26:03.160Z] [AutoRun] ❌ FAILED (Invalid)
[2026-07-02T00:26:05.664Z] [AutoRun] [52/253] 17
[2026-07-02T00:26:07.139Z] [AutoRun] ❌ FAILED (Invalid)
[2026-07-02T00:26:09.642Z] [AutoRun] [53/253] 18
[2026-07-02T00:26:11.448Z] [AutoRun] ✅ VALID
[2026-07-02T00:26:13.960Z] [AutoRun] [54/253] LONA 00
[2026-07-02T00:26:21.173Z] [AutoRun] ❌ FAILED (Invalid)
[2026-07-02T00:26:23.712Z] [AutoRun] [55/253] 19
[2026-07-02T00:26:25.474Z] [AutoRun] ❌ FAILED (Invalid)
[2026-07-02T00:26:27.980Z] [AutoRun] [56/253] 20
[2026-07-02T00:26:28.091Z] [AutoRun] ❌ FAILED (Invalid)
[2026-07-02T00:26:30.606Z] [AutoRun] [57/253] Batri 03
[2026-07-02T00:26:32.432Z] [AutoRun] ✅ VALID
[2026-07-02T00:26:34.935Z] [AutoRun] [58/253] H11
[2026-07-02T00:26:36.020Z] [AutoRun] ❌ FAILED (Invalid)
[2026-07-02T00:26:38.522Z] [AutoRun] [59/253] 02
[2026-07-02T00:26:40.506Z] [AutoRun] ❌ FAILED (Invalid)
[2026-07-02T00:26:43.011Z] [AutoRun] [60/253] 03
[2026-07-02T00:26:44.757Z] [AutoRun] ❌ FAILED (Invalid)
[2026-07-02T00:26:47.296Z] [AutoRun] [61/253] 04
[2026-07-02T00:26:48.854Z] [AutoRun] ❌ FAILED (Invalid)
[2026-07-02T00:26:51.356Z] [AutoRun] [62/253] 05
[2026-07-02T00:26:52.531Z] [AutoRun] ❌ FAILED (Invalid)
[2026-07-02T00:26:55.034Z] [AutoRun] [63/253] 07
[2026-07-02T00:26:57.110Z] [AutoRun] ❌ FAILED (Invalid)
[2026-07-02T00:26:59.617Z] [AutoRun] [64/253] 08
[2026-07-02T00:27:00.254Z] [AutoRun] ❌ FAILED (Invalid)
[2026-07-02T00:27:02.756Z] [AutoRun] [65/253] 09
[2026-07-02T00:27:04.803Z] [AutoRun] ❌ FAILED (Invalid)
[2026-07-02T00:27:07.303Z] [AutoRun] [66/253] 11
[2026-07-02T00:27:09.379Z] [AutoRun] ✅ VALID
[2026-07-02T00:27:11.881Z] [AutoRun] [67/253] 12
[2026-07-02T00:27:13.844Z] [AutoRun] ✅ VALID
[2026-07-02T00:27:16.351Z] [AutoRun] [68/253] 13
[2026-07-02T00:27:18.062Z] [AutoRun] ✅ VALID
[2026-07-02T00:27:19.149Z] [Manager] Shutting down...
[2026-07-02T00:27:19.149Z] [Manager] Sent SIGTERM to child process 330437.
[2026-07-02T00:29:09.470Z] [Manager] Starting auto-run script: verify-all-accounts.js
[2026-07-02T00:29:09.484Z] [Manager] Auto-run process started with PID: 341262
[2026-07-02T00:29:09.609Z] [AutoRun] 🔍 NiceHash Pool Verification
[2026-07-02T00:29:09.610Z] [AutoRun] ============================================================
[2026-07-02T00:29:09.639Z] [AutoRun] 📅 Started: 7/2/2026, 7:29:09 AM
[2026-07-02T00:29:09.640Z] [AutoRun] 👤 Client Filter: ALL
[2026-07-02T00:29:09.640Z] [AutoRun] 🔄 Loops: ♾️ Infinite
[2026-07-02T00:29:09.640Z] [AutoRun] ⏱️  Interval: 30s
[2026-07-02T00:29:09.641Z] [AutoRun] ⏱️  Pool Delay: 2000ms
[2026-07-02T00:29:09.641Z] [AutoRun] 🔊 Verbose: ✅ Yes
[2026-07-02T00:29:09.641Z] [AutoRun] 📊 Export: ❌ No
[2026-07-02T00:29:09.642Z] [AutoRun] Order: Specified order
[2026-07-02T00:29:09.642Z] [AutoRun] ============================================================
[2026-07-02T00:29:09.642Z] [AutoRun] 🔄 LOOP #1
[2026-07-02T00:29:09.642Z] [AutoRun] ━━━━━━━━━━━━━━━━━━━━━━━━━━━━━━━━━━━━━━━━━━━━━━
[2026-07-02T00:29:09.643Z] [AutoRun] 📋 Accounts: BT, PH, LN, NHATLINH
[2026-07-02T00:29:09.643Z] [AutoRun] ⏰ Started: 7/2/2026, 7:29:09 AM
[2026-07-02T00:29:09.643Z] [AutoRun] ━━━━━━━━━━━━━━━━━━━━━━━━━━━━━━━━━━━━━━━━━━━━━━
[2026-07-02T00:29:09.644Z] [AutoRun] [36m📂[0m Account 1/4: [35mBT[0m ([object Object])
[2026-07-02T00:29:09.644Z] [AutoRun] 📡 Fetching pools...
[2026-07-02T00:29:09.644Z] [AutoRun] [NiceHash] First-time function delay (1s): /main/api/v2/pools
[2026-07-02T00:29:10.646Z] [AutoRun] [NiceHash] First-time function delay (1s): getServerTime
[2026-07-02T00:29:13.540Z] [AutoRun] Fetching active orders...
[2026-07-02T00:29:13.540Z] [AutoRun] [NiceHash] First-time function delay (1s): /main/api/v2/hashpower/myOrders
[2026-07-02T00:29:15.281Z] [AutoRun] ✅ Done (148 pools, 0 active orders)
[2026-07-02T00:29:15.281Z] [AutoRun] [1/148] SOLO 10 SCRYPT                      [NiceHash] First-time function delay (1s): /main/api/v2/pools/verify
[2026-07-02T00:29:18.159Z] [AutoRun] [32m✅[0m VALID
[2026-07-02T00:29:19.620Z] [Manager] Shutting down...
[2026-07-02T00:29:19.621Z] [Manager] Sent SIGTERM to child process 341262.
[2026-07-02T00:29:44.526Z] [Manager] Starting auto-run script: verify-all-accounts.js
[2026-07-02T00:29:44.534Z] [Manager] Auto-run process started with PID: 341624
[2026-07-02T00:29:44.612Z] [AutoRun] 🔍 NiceHash Pool Verification
[2026-07-02T00:29:44.612Z] [AutoRun] ============================================================
[2026-07-02T00:29:44.636Z] [AutoRun] 📅 Started: 7/2/2026, 7:29:44 AM
[2026-07-02T00:29:44.636Z] [AutoRun] 👤 Client Filter: ALL
[2026-07-02T00:29:44.637Z] [AutoRun] 🔄 Loops: ♾️ Infinite
[2026-07-02T00:29:44.637Z] [AutoRun] ⏱️  Interval: 30s
[2026-07-02T00:29:44.637Z] [AutoRun] ⏱️  Pool Delay: 2500ms
[2026-07-02T00:29:44.638Z] [AutoRun] 🔊 Verbose: ❌ No
[2026-07-02T00:29:44.638Z] [AutoRun] 📊 Export: ❌ No
[2026-07-02T00:29:44.638Z] [AutoRun] 📋 Order: Specified order
[2026-07-02T00:29:44.639Z] [AutoRun] ============================================================
[2026-07-02T00:29:44.639Z] [AutoRun] 🔄 LOOP #1
[2026-07-02T00:29:44.639Z] [AutoRun] ━━━━━━━━━━━━━━━━━━━━━━━━━━━━━━━━━━━━━━━━━━━━━━
[2026-07-02T00:29:44.639Z] [AutoRun] 📋 Accounts: BT, PH, LN, NHATLINH
[2026-07-02T00:29:44.640Z] [AutoRun] ⏰ Started: 7/2/2026, 7:29:44 AM
[2026-07-02T00:29:44.640Z] [AutoRun] ━━━━━━━━━━━━━━━━━━━━━━━━━━━━━━━━━━━━━━━━━━━━━━
[2026-07-02T00:29:44.640Z] [AutoRun] [36m📂[0m Account 1/4: [35mBT[0m ([object Object])
[2026-07-02T00:29:44.640Z] [AutoRun] 📡 Fetching pools... [NiceHash] First-time function delay (1s): /main/api/v2/pools
[2026-07-02T00:29:45.648Z] [AutoRun] [NiceHash] First-time function delay (1s): getServerTime
[2026-07-02T00:29:46.102Z] [Manager] Shutting down...
[2026-07-02T00:29:46.102Z] [Manager] Sent SIGTERM to child process 341624.
